# JRE version: Java(TM) SE Runtime Environment (8.0_101-b13) (build 1.8.0_101-b13)
# Java VM: Java HotSpot(TM) Client VM (25.101-b13 mixed mode windows-x86 )
Heap:
 def new generation   total 13568K, used 3251K [0x03e00000, 0x04cb0000, 0x09350000)
  eden space 12096K,  26% used [0x03e00000, 0x0412cfc0, 0x049d0000)
  from space 1472K,   0% used [0x049d0000, 0x049d0000, 0x04b40000)
  to   space 1472K,   0% used [0x04b40000, 0x04b40000, 0x04cb0000)
 tenured generation   total 30040K, used 11708K [0x09350000, 0x0b0a6000, 0x13e00000)
   the space 30040K,  38% used [0x09350000, 0x09ebf0d0, 0x09ebf200, 0x0b0a6000)
 Metaspace       used 17944K, capacity 18391K, committed 18560K, reserved 19840K
GC Heap History (10 events):
Event: 7.194 GC heap before
{Heap before GC invocations=41 (full 6):
 def new generation   total 13568K, used 0K [0x03e00000, 0x04cb0000, 0x09350000)
  eden space 12096K,   0% used [0x03e00000, 0x03e00000, 0x049d0000)
  from space 1472K,   0% used [0x049d0000, 0x049d0000, 0x04b40000)
  to   space 1472K,   0% used [0x04b40000, 0x04b40000, 0x04cb0000)
 tenured generation   total 30040K, used 16187K [0x09350000, 0x0b0a6000, 0x13e00000)
   the space 30040K,  53% used [0x09350000, 0x0a31edf0, 0x0a31ee00, 0x0b0a6000)
 Metaspace       used 17840K, capacity 18272K, committed 18304K, reserved 21888K
Event: 7.241 GC heap after
Heap after GC invocations=42 (full 7):
 def new generation   total 13568K, used 0K [0x03e00000, 0x04cb0000, 0x09350000)
  eden space 12096K,   0% used [0x03e00000, 0x03e00000, 0x049d0000)
  from space 1472K,   0% used [0x049d0000, 0x049d0000, 0x04b40000)
  to   space 1472K,   0% used [0x04b40000, 0x04b40000, 0x04cb0000)
 tenured generation   total 30040K, used 13213K [0x09350000, 0x0b0a6000, 0x13e00000)
   the space 30040K,  43% used [0x09350000, 0x0a037480, 0x0a037600, 0x0b0a6000)
 Metaspace       used 17789K, capacity 18199K, committed 18304K, reserved 19840K
}
Event: 7.242 GC heap before
{Heap before GC invocations=42 (full 7):
 def new generation   total 13568K, used 238K [0x03e00000, 0x04cb0000, 0x09350000)
  eden space 12096K,   1% used [0x03e00000, 0x03e3bbc8, 0x049d0000)
  from space 1472K,   0% used [0x049d0000, 0x049d0000, 0x04b40000)
  to   space 1472K,   0% used [0x04b40000, 0x04b40000, 0x04cb0000)
 tenured generation   total 30040K, used 13213K [0x09350000, 0x0b0a6000, 0x13e00000)
   the space 30040K,  43% used [0x09350000, 0x0a037480, 0x0a037600, 0x0b0a6000)
 Metaspace       used 17789K, capacity 18199K, committed 18304K, reserved 22912K
Event: 7.287 GC heap after
Heap after GC invocations=43 (full 8):
 def new generation   total 13568K, used 0K [0x03e00000, 0x04cb0000, 0x09350000)
  eden space 12096K,   0% used [0x03e00000, 0x03e00000, 0x049d0000)
  from space 1472K,   0% used [0x049d0000, 0x049d0000, 0x04b40000)
  to   space 1472K,   0% used [0x04b40000, 0x04b40000, 0x04cb0000)
 tenured generation   total 30040K, used 11706K [0x09350000, 0x0b0a6000, 0x13e00000)
   the space 30040K,  38% used [0x09350000, 0x09ebeb30, 0x09ebec00, 0x0b0a6000)
 Metaspace       used 17789K, capacity 18199K, committed 18304K, reserved 19840K
}
Event: 7.287 GC heap before
{Heap before GC invocations=43 (full 8):
 def new generation   total 13568K, used 0K [0x03e00000, 0x04cb0000, 0x09350000)
  eden space 12096K,   0% used [0x03e00000, 0x03e00000, 0x049d0000)
  from space 1472K,   0% used [0x049d0000, 0x049d0000, 0x04b40000)
  to   space 1472K,   0% used [0x04b40000, 0x04b40000, 0x04cb0000)
 tenured generation   total 30040K, used 11706K [0x09350000, 0x0b0a6000, 0x13e00000)
   the space 30040K,  38% used [0x09350000, 0x09ebeb30, 0x09ebec00, 0x0b0a6000)
 Metaspace       used 17789K, capacity 18199K, committed 18304K, reserved 21888K
Event: 7.326 GC heap after
Heap after GC invocations=44 (full 9):
 def new generation   total 13568K, used 0K [0x03e00000, 0x04cb0000, 0x09350000)
  eden space 12096K,   0% used [0x03e00000, 0x03e00000, 0x049d0000)
  from space 1472K,   0% used [0x049d0000, 0x049d0000, 0x04b40000)
  to   space 1472K,   0% used [0x04b40000, 0x04b40000, 0x04cb0000)
 tenured generation   total 30040K, used 11706K [0x09350000, 0x0b0a6000, 0x13e00000)
   the space 30040K,  38% used [0x09350000, 0x09ebeb30, 0x09ebec00, 0x0b0a6000)
 Metaspace       used 17782K, capacity 18189K, committed 18304K, reserved 19840K
}
Event: 7.327 GC heap before
{Heap before GC invocations=44 (full 9):
 def new generation   total 13568K, used 238K [0x03e00000, 0x04cb0000, 0x09350000)
  eden space 12096K,   1% used [0x03e00000, 0x03e3bbc8, 0x049d0000)
  from space 1472K,   0% used [0x049d0000, 0x049d0000, 0x04b40000)
  to   space 1472K,   0% used [0x04b40000, 0x04b40000, 0x04cb0000)
 tenured generation   total 30040K, used 11706K [0x09350000, 0x0b0a6000, 0x13e00000)
   the space 30040K,  38% used [0x09350000, 0x09ebeb30, 0x09ebec00, 0x0b0a6000)
 Metaspace       used 17782K, capacity 18189K, committed 18304K, reserved 22912K
Event: 7.365 GC heap after
Heap after GC invocations=45 (full 10):
 def new generation   total 13568K, used 0K [0x03e00000, 0x04cb0000, 0x09350000)
  eden space 12096K,   0% used [0x03e00000, 0x03e00000, 0x049d0000)
  from space 1472K,   0% used [0x049d0000, 0x049d0000, 0x04b40000)
  to   space 1472K,   0% used [0x04b40000, 0x04b40000, 0x04cb0000)
 tenured generation   total 30040K, used 11708K [0x09350000, 0x0b0a6000, 0x13e00000)
   the space 30040K,  38% used [0x09350000, 0x09ebf0d0, 0x09ebf200, 0x0b0a6000)
 Metaspace       used 17782K, capacity 18189K, committed 18304K, reserved 19840K
}
Event: 7.365 GC heap before
{Heap before GC invocations=45 (full 10):
 def new generation   total 13568K, used 0K [0x03e00000, 0x04cb0000, 0x09350000)
  eden space 12096K,   0% used [0x03e00000, 0x03e00000, 0x049d0000)
  from space 1472K,   0% used [0x049d0000, 0x049d0000, 0x04b40000)
  to   space 1472K,   0% used [0x04b40000, 0x04b40000, 0x04cb0000)
 tenured generation   total 30040K, used 11708K [0x09350000, 0x0b0a6000, 0x13e00000)
   the space 30040K,  38% used [0x09350000, 0x09ebf0d0, 0x09ebf200, 0x0b0a6000)
 Metaspace       used 17782K, capacity 18189K, committed 18304K, reserved 21888K
Event: 7.404 GC heap after
Heap after GC invocations=46 (full 11):
 def new generation   total 13568K, used 0K [0x03e00000, 0x04cb0000, 0x09350000)
  eden space 12096K,   0% used [0x03e00000, 0x03e00000, 0x049d0000)
  from space 1472K,   0% used [0x049d0000, 0x049d0000, 0x04b40000)
  to   space 1472K,   0% used [0x04b40000, 0x04b40000, 0x04cb0000)
 tenured generation   total 30040K, used 11708K [0x09350000, 0x0b0a6000, 0x13e00000)
   the space 30040K,  38% used [0x09350000, 0x09ebf0d0, 0x09ebf200, 0x0b0a6000)
 Metaspace       used 17782K, capacity 18189K, committed 18304K, reserved 19840K
}

