# JRE version: Java(TM) SE Runtime Environment (8.0_101-b13) (build 1.8.0_101-b13)
# Java VM: Java HotSpot(TM) Client VM (25.101-b13 mixed mode windows-x86 )
Heap:
 def new generation   total 7552K, used 272K [0x04000000, 0x04830000, 0x09550000)
  eden space 6720K,   4% used [0x04000000, 0x040440f8, 0x04690000)
  from space 832K,   0% used [0x04690000, 0x04690000, 0x04760000)
  to   space 832K,   0% used [0x04760000, 0x04760000, 0x04830000)
 tenured generation   total 16740K, used 10043K [0x09550000, 0x0a5a9000, 0x14000000)
   the space 16740K,  59% used [0x09550000, 0x09f1ee60, 0x09f1f000, 0x0a5a9000)
 Metaspace       used 11937K, capacity 12108K, committed 12160K, reserved 12672K
GC Heap History (10 events):
Event: 4.391 GC heap before
{Heap before GC invocations=15 (full 0):
 def new generation   total 4928K, used 4928K [0x04000000, 0x04550000, 0x09550000)
  eden space 4416K, 100% used [0x04000000, 0x04450000, 0x04450000)
  from space 512K, 100% used [0x044d0000, 0x04550000, 0x04550000)
  to   space 512K,   0% used [0x04450000, 0x04450000, 0x044d0000)
 tenured generation   total 10944K, used 7968K [0x09550000, 0x0a000000, 0x14000000)
   the space 10944K,  72% used [0x09550000, 0x09d183d8, 0x09d18400, 0x0a000000)
 Metaspace       used 11612K, capacity 11773K, committed 11904K, reserved 12672K
Event: 4.395 GC heap after
Heap after GC invocations=16 (full 0):
 def new generation   total 4928K, used 512K [0x04000000, 0x04550000, 0x09550000)
  eden space 4416K,   0% used [0x04000000, 0x04000000, 0x04450000)
  from space 512K, 100% used [0x04450000, 0x044d0000, 0x044d0000)
  to   space 512K,   0% used [0x044d0000, 0x044d0000, 0x04550000)
 tenured generation   total 10944K, used 9431K [0x09550000, 0x0a000000, 0x14000000)
   the space 10944K,  86% used [0x09550000, 0x09e85d78, 0x09e85e00, 0x0a000000)
 Metaspace       used 11612K, capacity 11773K, committed 11904K, reserved 12672K
}
Event: 4.477 GC heap before
{Heap before GC invocations=16 (full 0):
 def new generation   total 4928K, used 4928K [0x04000000, 0x04550000, 0x09550000)
  eden space 4416K, 100% used [0x04000000, 0x04450000, 0x04450000)
  from space 512K, 100% used [0x04450000, 0x044d0000, 0x044d0000)
  to   space 512K,   0% used [0x044d0000, 0x044d0000, 0x04550000)
 tenured generation   total 10944K, used 9431K [0x09550000, 0x0a000000, 0x14000000)
   the space 10944K,  86% used [0x09550000, 0x09e85d78, 0x09e85e00, 0x0a000000)
 Metaspace       used 11681K, capacity 11869K, committed 11904K, reserved 12672K
Event: 4.479 GC heap after
Heap after GC invocations=17 (full 0):
 def new generation   total 4928K, used 511K [0x04000000, 0x04550000, 0x09550000)
  eden space 4416K,   0% used [0x04000000, 0x04000000, 0x04450000)
  from space 512K,  99% used [0x044d0000, 0x0454fff8, 0x04550000)
  to   space 512K,   0% used [0x04450000, 0x04450000, 0x044d0000)
 tenured generation   total 10944K, used 9975K [0x09550000, 0x0a000000, 0x14000000)
   the space 10944K,  91% used [0x09550000, 0x09f0ddc8, 0x09f0de00, 0x0a000000)
 Metaspace       used 11681K, capacity 11869K, committed 11904K, reserved 12672K
}
Event: 4.553 GC heap before
{Heap before GC invocations=17 (full 0):
 def new generation   total 4928K, used 4927K [0x04000000, 0x04550000, 0x09550000)
  eden space 4416K, 100% used [0x04000000, 0x04450000, 0x04450000)
  from space 512K,  99% used [0x044d0000, 0x0454fff8, 0x04550000)
  to   space 512K,   0% used [0x04450000, 0x04450000, 0x044d0000)
 tenured generation   total 10944K, used 9975K [0x09550000, 0x0a000000, 0x14000000)
   the space 10944K,  91% used [0x09550000, 0x09f0ddc8, 0x09f0de00, 0x0a000000)
 Metaspace       used 11684K, capacity 11874K, committed 12032K, reserved 12672K
Event: 4.555 GC heap after
Heap after GC invocations=18 (full 0):
 def new generation   total 4928K, used 163K [0x04000000, 0x04550000, 0x09550000)
  eden space 4416K,   0% used [0x04000000, 0x04000000, 0x04450000)
  from space 512K,  32% used [0x04450000, 0x04478fc8, 0x044d0000)
  to   space 512K,   0% used [0x044d0000, 0x044d0000, 0x04550000)
 tenured generation   total 10944K, used 10484K [0x09550000, 0x0a000000, 0x14000000)
   the space 10944K,  95% used [0x09550000, 0x09f8d000, 0x09f8d000, 0x0a000000)
 Metaspace       used 11684K, capacity 11874K, committed 12032K, reserved 12672K
}
Event: 4.585 GC heap before
{Heap before GC invocations=18 (full 0):
 def new generation   total 4928K, used 4579K [0x04000000, 0x04550000, 0x09550000)
  eden space 4416K, 100% used [0x04000000, 0x04450000, 0x04450000)
  from space 512K,  32% used [0x04450000, 0x04478fc8, 0x044d0000)
  to   space 512K,   0% used [0x044d0000, 0x044d0000, 0x04550000)
 tenured generation   total 10944K, used 10484K [0x09550000, 0x0a000000, 0x14000000)
   the space 10944K,  95% used [0x09550000, 0x09f8d000, 0x09f8d000, 0x0a000000)
 Metaspace       used 11687K, capacity 11874K, committed 12032K, reserved 12672K
Event: 4.588 GC heap after
Heap after GC invocations=19 (full 0):
 def new generation   total 4928K, used 306K [0x04000000, 0x04550000, 0x09550000)
  eden space 4416K,   0% used [0x04000000, 0x04000000, 0x04450000)
  from space 512K,  59% used [0x044d0000, 0x0451c838, 0x04550000)
  to   space 512K,   0% used [0x04450000, 0x04450000, 0x044d0000)
 tenured generation   total 10944K, used 10484K [0x09550000, 0x0a000000, 0x14000000)
   the space 10944K,  95% used [0x09550000, 0x09f8d000, 0x09f8d000, 0x0a000000)
 Metaspace       used 11687K, capacity 11874K, committed 12032K, reserved 12672K
}
Event: 4.711 GC heap before
{Heap before GC invocations=19 (full 0):
 def new generation   total 4928K, used 4722K [0x04000000, 0x04550000, 0x09550000)
  eden space 4416K, 100% used [0x04000000, 0x04450000, 0x04450000)
  from space 512K,  59% used [0x044d0000, 0x0451c838, 0x04550000)
  to   space 512K,   0% used [0x04450000, 0x04450000, 0x044d0000)
 tenured generation   total 10944K, used 10484K [0x09550000, 0x0a000000, 0x14000000)
   the space 10944K,  95% used [0x09550000, 0x09f8d000, 0x09f8d000, 0x0a000000)
 Metaspace       used 11919K, capacity 12101K, committed 12160K, reserved 12672K
Event: 4.743 GC heap after
Heap after GC invocations=20 (full 1):
 def new generation   total 7552K, used 0K [0x04000000, 0x04830000, 0x09550000)
  eden space 6720K,   0% used [0x04000000, 0x04000000, 0x04690000)
  from space 832K,   0% used [0x04690000, 0x04690000, 0x04760000)
  to   space 832K,   0% used [0x04760000, 0x04760000, 0x04830000)
 tenured generation   total 16740K, used 10043K [0x09550000, 0x0a5a9000, 0x14000000)
   the space 16740K,  59% used [0x09550000, 0x09f1ee60, 0x09f1f000, 0x0a5a9000)
 Metaspace       used 11919K, capacity 12101K, committed 12160K, reserved 12672K
}

