<?xml version="1.0" encoding="UTF-8"?>
<!-- Generated by org.testng.reporters.JUnitXMLReporter -->
<testsuite hostname="SYN-FLX-005" name="Default test" tests="4" failures="0" timestamp="30 Jul 2020 10:31:58 GMT" time="23.848" errors="0">
  <testcase name="TC_01" time="13.225" classname="scenarios.GEO.v1.MonthOfYearGet"/>
  <testcase name="TC_02" time="1.745" classname="scenarios.GEO.v1.MonthOfYearGet"/>
  <testcase name="TC_03" time="1.072" classname="scenarios.GEO.v1.MonthOfYearGet"/>
  <testcase name="TC_04" time="1.012" classname="scenarios.GEO.v1.MonthOfYearGet"/>
</testsuite> <!-- Default test -->
