<?xml version="1.0" encoding="UTF-8"?>
<!-- Generated by org.testng.reporters.JUnitXMLReporter -->
<testsuite hostname="SYN-FLX-005" name="Default test" tests="17" failures="0" timestamp="17 Jul 2020 15:08:42 GMT" time="976.972" errors="0">
  <testcase name="TC_01" time="0.014" classname="scenarios.GEO.v1.CountryGraphQL">
    <skipped/>
  </testcase> <!-- TC_01 -->
  <testcase name="TC_02" time="962.472" classname="scenarios.GEO.v1.CountryGraphQL"/>
  <testcase name="TC_03" time="0.016" classname="scenarios.GEO.v1.CountryGraphQL">
    <skipped/>
  </testcase> <!-- TC_03 -->
  <testcase name="TC_04" time="0.01" classname="scenarios.GEO.v1.CountryGraphQL">
    <skipped/>
  </testcase> <!-- TC_04 -->
  <testcase name="TC_05" time="0.006" classname="scenarios.GEO.v1.CountryGraphQL">
    <skipped/>
  </testcase> <!-- TC_05 -->
  <testcase name="TC_06" time="0.009" classname="scenarios.GEO.v1.CountryGraphQL">
    <skipped/>
  </testcase> <!-- TC_06 -->
  <testcase name="TC_07" time="0.005" classname="scenarios.GEO.v1.CountryGraphQL">
    <skipped/>
  </testcase> <!-- TC_07 -->
  <testcase name="TC_08" time="0.009" classname="scenarios.GEO.v1.CountryGraphQL">
    <skipped/>
  </testcase> <!-- TC_08 -->
  <testcase name="TC_09" time="0.005" classname="scenarios.GEO.v1.CountryGraphQL">
    <skipped/>
  </testcase> <!-- TC_09 -->
  <testcase name="TC_10" time="0.015" classname="scenarios.GEO.v1.CountryGraphQL">
    <skipped/>
  </testcase> <!-- TC_10 -->
  <testcase name="TC_11" time="0.005" classname="scenarios.GEO.v1.CountryGraphQL">
    <skipped/>
  </testcase> <!-- TC_11 -->
  <testcase name="TC_12" time="0.036" classname="scenarios.GEO.v1.CountryGraphQL">
    <skipped/>
  </testcase> <!-- TC_12 -->
  <testcase name="TC_13" time="0.007" classname="scenarios.GEO.v1.CountryGraphQL">
    <skipped/>
  </testcase> <!-- TC_13 -->
  <testcase name="TC_14" time="0.005" classname="scenarios.GEO.v1.CountryGraphQL">
    <skipped/>
  </testcase> <!-- TC_14 -->
  <testcase name="TC_15" time="0.005" classname="scenarios.GEO.v1.CountryGraphQL">
    <skipped/>
  </testcase> <!-- TC_15 -->
  <testcase name="TC_16" time="0.005" classname="scenarios.GEO.v1.CountryGraphQL">
    <skipped/>
  </testcase> <!-- TC_16 -->
  <testcase name="TC_17" time="0.005" classname="scenarios.GEO.v1.CountryGraphQL">
    <skipped/>
  </testcase> <!-- TC_17 -->
</testsuite> <!-- Default test -->
