<?xml version="1.0" encoding="UTF-8"?>
<!-- Generated by org.testng.reporters.JUnitXMLReporter -->
<testsuite hostname="SYN-FLX-001" name="Default test" tests="120" failures="0" timestamp="29 Jun 2020 09:06:33 GMT" time="83.009" errors="0">
  <testcase name="TC_01" time="0.015" classname="scenarios.GEO.v1.CountryPost">
    <skipped/>
  </testcase> <!-- TC_01 -->
  <testcase name="TC_120" time="0.003" classname="scenarios.GEO.v1.CountryPost">
    <skipped/>
  </testcase> <!-- TC_120 -->
  <testcase name="TC_02" time="0.005" classname="scenarios.GEO.v1.CountryPost">
    <skipped/>
  </testcase> <!-- TC_02 -->
  <testcase name="TC_03" time="0.015" classname="scenarios.GEO.v1.CountryPost">
    <skipped/>
  </testcase> <!-- TC_03 -->
  <testcase name="TC_04" time="0.0" classname="scenarios.GEO.v1.CountryPost">
    <skipped/>
  </testcase> <!-- TC_04 -->
  <testcase name="TC_05" time="0.016" classname="scenarios.GEO.v1.CountryPost">
    <skipped/>
  </testcase> <!-- TC_05 -->
  <testcase name="TC_06" time="0.0" classname="scenarios.GEO.v1.CountryPost">
    <skipped/>
  </testcase> <!-- TC_06 -->
  <testcase name="TC_07" time="0.003" classname="scenarios.GEO.v1.CountryPost">
    <skipped/>
  </testcase> <!-- TC_07 -->
  <testcase name="TC_08" time="0.003" classname="scenarios.GEO.v1.CountryPost">
    <skipped/>
  </testcase> <!-- TC_08 -->
  <testcase name="TC_09" time="0.0" classname="scenarios.GEO.v1.CountryPost">
    <skipped/>
  </testcase> <!-- TC_09 -->
  <testcase name="TC_10" time="0.0" classname="scenarios.GEO.v1.CountryPost">
    <skipped/>
  </testcase> <!-- TC_10 -->
  <testcase name="TC_11" time="0.0" classname="scenarios.GEO.v1.CountryPost">
    <skipped/>
  </testcase> <!-- TC_11 -->
  <testcase name="TC_117" time="0.0" classname="scenarios.GEO.v1.CountryPost">
    <skipped/>
  </testcase> <!-- TC_117 -->
  <testcase name="TC_118" time="0.016" classname="scenarios.GEO.v1.CountryPost">
    <skipped/>
  </testcase> <!-- TC_118 -->
  <testcase name="TC_119" time="0.003" classname="scenarios.GEO.v1.CountryPost">
    <skipped/>
  </testcase> <!-- TC_119 -->
  <testcase name="TC_12" time="0.004" classname="scenarios.GEO.v1.CountryPost">
    <skipped/>
  </testcase> <!-- TC_12 -->
  <testcase name="TC_13" time="0.0" classname="scenarios.GEO.v1.CountryPost">
    <skipped/>
  </testcase> <!-- TC_13 -->
  <testcase name="TC_14" time="0.0" classname="scenarios.GEO.v1.CountryPost">
    <skipped/>
  </testcase> <!-- TC_14 -->
  <testcase name="TC_15" time="0.0" classname="scenarios.GEO.v1.CountryPost">
    <skipped/>
  </testcase> <!-- TC_15 -->
  <testcase name="TC_16" time="13.621" classname="scenarios.GEO.v1.CountryPost"/>
  <testcase name="TC_17" time="0.0" classname="scenarios.GEO.v1.CountryPost">
    <skipped/>
  </testcase> <!-- TC_17 -->
  <testcase name="TC_18" time="0.005" classname="scenarios.GEO.v1.CountryPost">
    <skipped/>
  </testcase> <!-- TC_18 -->
  <testcase name="TC_19" time="0.0" classname="scenarios.GEO.v1.CountryPost">
    <skipped/>
  </testcase> <!-- TC_19 -->
  <testcase name="TC_20" time="0.0" classname="scenarios.GEO.v1.CountryPost">
    <skipped/>
  </testcase> <!-- TC_20 -->
  <testcase name="TC_21" time="0.016" classname="scenarios.GEO.v1.CountryPost">
    <skipped/>
  </testcase> <!-- TC_21 -->
  <testcase name="TC_22" time="0.0" classname="scenarios.GEO.v1.CountryPost">
    <skipped/>
  </testcase> <!-- TC_22 -->
  <testcase name="TC_23" time="0.0" classname="scenarios.GEO.v1.CountryPost">
    <skipped/>
  </testcase> <!-- TC_23 -->
  <testcase name="TC_24" time="0.016" classname="scenarios.GEO.v1.CountryPost">
    <skipped/>
  </testcase> <!-- TC_24 -->
  <testcase name="TC_25" time="0.0" classname="scenarios.GEO.v1.CountryPost">
    <skipped/>
  </testcase> <!-- TC_25 -->
  <testcase name="TC_26" time="0.0" classname="scenarios.GEO.v1.CountryPost">
    <skipped/>
  </testcase> <!-- TC_26 -->
  <testcase name="TC_27" time="0.0" classname="scenarios.GEO.v1.CountryPost">
    <skipped/>
  </testcase> <!-- TC_27 -->
  <testcase name="TC_28" time="0.0" classname="scenarios.GEO.v1.CountryPost">
    <skipped/>
  </testcase> <!-- TC_28 -->
  <testcase name="TC_29" time="0.016" classname="scenarios.GEO.v1.CountryPost">
    <skipped/>
  </testcase> <!-- TC_29 -->
  <testcase name="TC_30" time="0.063" classname="scenarios.GEO.v1.CountryPost">
    <skipped/>
  </testcase> <!-- TC_30 -->
  <testcase name="TC_31" time="0.0" classname="scenarios.GEO.v1.CountryPost">
    <skipped/>
  </testcase> <!-- TC_31 -->
  <testcase name="TC_32" time="0.0" classname="scenarios.GEO.v1.CountryPost">
    <skipped/>
  </testcase> <!-- TC_32 -->
  <testcase name="TC_33" time="0.015" classname="scenarios.GEO.v1.CountryPost">
    <skipped/>
  </testcase> <!-- TC_33 -->
  <testcase name="TC_34" time="0.0" classname="scenarios.GEO.v1.CountryPost">
    <skipped/>
  </testcase> <!-- TC_34 -->
  <testcase name="TC_35" time="0.0" classname="scenarios.GEO.v1.CountryPost">
    <skipped/>
  </testcase> <!-- TC_35 -->
  <testcase name="TC_36" time="0.0" classname="scenarios.GEO.v1.CountryPost">
    <skipped/>
  </testcase> <!-- TC_36 -->
  <testcase name="TC_37" time="0.0" classname="scenarios.GEO.v1.CountryPost">
    <skipped/>
  </testcase> <!-- TC_37 -->
  <testcase name="TC_38" time="0.0" classname="scenarios.GEO.v1.CountryPost">
    <skipped/>
  </testcase> <!-- TC_38 -->
  <testcase name="TC_39" time="0.0" classname="scenarios.GEO.v1.CountryPost">
    <skipped/>
  </testcase> <!-- TC_39 -->
  <testcase name="TC_40" time="0.0" classname="scenarios.GEO.v1.CountryPost">
    <skipped/>
  </testcase> <!-- TC_40 -->
  <testcase name="TC_41" time="0.0" classname="scenarios.GEO.v1.CountryPost">
    <skipped/>
  </testcase> <!-- TC_41 -->
  <testcase name="TC_42" time="0.0" classname="scenarios.GEO.v1.CountryPost">
    <skipped/>
  </testcase> <!-- TC_42 -->
  <testcase name="TC_43" time="0.0" classname="scenarios.GEO.v1.CountryPost">
    <skipped/>
  </testcase> <!-- TC_43 -->
  <testcase name="TC_44" time="0.0" classname="scenarios.GEO.v1.CountryPost">
    <skipped/>
  </testcase> <!-- TC_44 -->
  <testcase name="TC_45" time="0.009" classname="scenarios.GEO.v1.CountryPost">
    <skipped/>
  </testcase> <!-- TC_45 -->
  <testcase name="TC_46" time="0.004" classname="scenarios.GEO.v1.CountryPost">
    <skipped/>
  </testcase> <!-- TC_46 -->
  <testcase name="TC_47" time="0.004" classname="scenarios.GEO.v1.CountryPost">
    <skipped/>
  </testcase> <!-- TC_47 -->
  <testcase name="TC_48" time="0.004" classname="scenarios.GEO.v1.CountryPost">
    <skipped/>
  </testcase> <!-- TC_48 -->
  <testcase name="TC_49" time="0.006" classname="scenarios.GEO.v1.CountryPost">
    <skipped/>
  </testcase> <!-- TC_49 -->
  <testcase name="TC_50" time="0.004" classname="scenarios.GEO.v1.CountryPost">
    <skipped/>
  </testcase> <!-- TC_50 -->
  <testcase name="TC_51" time="0.003" classname="scenarios.GEO.v1.CountryPost">
    <skipped/>
  </testcase> <!-- TC_51 -->
  <testcase name="TC_52" time="0.004" classname="scenarios.GEO.v1.CountryPost">
    <skipped/>
  </testcase> <!-- TC_52 -->
  <testcase name="TC_53" time="0.004" classname="scenarios.GEO.v1.CountryPost">
    <skipped/>
  </testcase> <!-- TC_53 -->
  <testcase name="TC_54" time="0.004" classname="scenarios.GEO.v1.CountryPost">
    <skipped/>
  </testcase> <!-- TC_54 -->
  <testcase name="TC_55" time="0.0" classname="scenarios.GEO.v1.CountryPost">
    <skipped/>
  </testcase> <!-- TC_55 -->
  <testcase name="TC_56" time="0.0" classname="scenarios.GEO.v1.CountryPost">
    <skipped/>
  </testcase> <!-- TC_56 -->
  <testcase name="TC_57" time="0.0" classname="scenarios.GEO.v1.CountryPost">
    <skipped/>
  </testcase> <!-- TC_57 -->
  <testcase name="TC_58" time="0.003" classname="scenarios.GEO.v1.CountryPost">
    <skipped/>
  </testcase> <!-- TC_58 -->
  <testcase name="TC_59" time="0.0" classname="scenarios.GEO.v1.CountryPost">
    <skipped/>
  </testcase> <!-- TC_59 -->
  <testcase name="TC_60" time="0.073" classname="scenarios.GEO.v1.CountryPost">
    <skipped/>
  </testcase> <!-- TC_60 -->
  <testcase name="TC_61" time="0.005" classname="scenarios.GEO.v1.CountryPost">
    <skipped/>
  </testcase> <!-- TC_61 -->
  <testcase name="TC_62" time="0.0" classname="scenarios.GEO.v1.CountryPost">
    <skipped/>
  </testcase> <!-- TC_62 -->
  <testcase name="TC_63" time="0.0" classname="scenarios.GEO.v1.CountryPost">
    <skipped/>
  </testcase> <!-- TC_63 -->
  <testcase name="TC_64" time="0.0" classname="scenarios.GEO.v1.CountryPost">
    <skipped/>
  </testcase> <!-- TC_64 -->
  <testcase name="TC_65" time="0.0" classname="scenarios.GEO.v1.CountryPost">
    <skipped/>
  </testcase> <!-- TC_65 -->
  <testcase name="TC_66" time="0.0" classname="scenarios.GEO.v1.CountryPost">
    <skipped/>
  </testcase> <!-- TC_66 -->
  <testcase name="TC_67" time="0.0" classname="scenarios.GEO.v1.CountryPost">
    <skipped/>
  </testcase> <!-- TC_67 -->
  <testcase name="TC_68" time="10.704" classname="scenarios.GEO.v1.CountryPost"/>
  <testcase name="TC_69" time="0.0" classname="scenarios.GEO.v1.CountryPost">
    <skipped/>
  </testcase> <!-- TC_69 -->
  <testcase name="TC_70" time="0.004" classname="scenarios.GEO.v1.CountryPost">
    <skipped/>
  </testcase> <!-- TC_70 -->
  <testcase name="TC_71" time="0.0" classname="scenarios.GEO.v1.CountryPost">
    <skipped/>
  </testcase> <!-- TC_71 -->
  <testcase name="TC_72" time="0.015" classname="scenarios.GEO.v1.CountryPost">
    <skipped/>
  </testcase> <!-- TC_72 -->
  <testcase name="TC_73" time="0.0" classname="scenarios.GEO.v1.CountryPost">
    <skipped/>
  </testcase> <!-- TC_73 -->
  <testcase name="TC_74" time="0.0" classname="scenarios.GEO.v1.CountryPost">
    <skipped/>
  </testcase> <!-- TC_74 -->
  <testcase name="TC_75" time="0.0" classname="scenarios.GEO.v1.CountryPost">
    <skipped/>
  </testcase> <!-- TC_75 -->
  <testcase name="TC_76" time="0.0" classname="scenarios.GEO.v1.CountryPost">
    <skipped/>
  </testcase> <!-- TC_76 -->
  <testcase name="TC_77" time="0.016" classname="scenarios.GEO.v1.CountryPost">
    <skipped/>
  </testcase> <!-- TC_77 -->
  <testcase name="TC_78" time="0.0" classname="scenarios.GEO.v1.CountryPost">
    <skipped/>
  </testcase> <!-- TC_78 -->
  <testcase name="TC_79" time="0.0" classname="scenarios.GEO.v1.CountryPost">
    <skipped/>
  </testcase> <!-- TC_79 -->
  <testcase name="TC_80" time="0.015" classname="scenarios.GEO.v1.CountryPost">
    <skipped/>
  </testcase> <!-- TC_80 -->
  <testcase name="TC_81" time="0.015" classname="scenarios.GEO.v1.CountryPost">
    <skipped/>
  </testcase> <!-- TC_81 -->
  <testcase name="TC_82" time="0.0" classname="scenarios.GEO.v1.CountryPost">
    <skipped/>
  </testcase> <!-- TC_82 -->
  <testcase name="TC_83" time="0.015" classname="scenarios.GEO.v1.CountryPost">
    <skipped/>
  </testcase> <!-- TC_83 -->
  <testcase name="TC_84" time="0.0" classname="scenarios.GEO.v1.CountryPost">
    <skipped/>
  </testcase> <!-- TC_84 -->
  <testcase name="TC_85" time="0.0" classname="scenarios.GEO.v1.CountryPost">
    <skipped/>
  </testcase> <!-- TC_85 -->
  <testcase name="TC_86" time="0.015" classname="scenarios.GEO.v1.CountryPost">
    <skipped/>
  </testcase> <!-- TC_86 -->
  <testcase name="TC_87" time="0.0" classname="scenarios.GEO.v1.CountryPost">
    <skipped/>
  </testcase> <!-- TC_87 -->
  <testcase name="TC_88" time="0.0" classname="scenarios.GEO.v1.CountryPost">
    <skipped/>
  </testcase> <!-- TC_88 -->
  <testcase name="TC_89" time="0.0" classname="scenarios.GEO.v1.CountryPost">
    <skipped/>
  </testcase> <!-- TC_89 -->
  <testcase name="TC_90" time="0.0" classname="scenarios.GEO.v1.CountryPost">
    <skipped/>
  </testcase> <!-- TC_90 -->
  <testcase name="TC_91" time="0.016" classname="scenarios.GEO.v1.CountryPost">
    <skipped/>
  </testcase> <!-- TC_91 -->
  <testcase name="TC_92" time="0.063" classname="scenarios.GEO.v1.CountryPost">
    <skipped/>
  </testcase> <!-- TC_92 -->
  <testcase name="TC_93" time="0.0" classname="scenarios.GEO.v1.CountryPost">
    <skipped/>
  </testcase> <!-- TC_93 -->
  <testcase name="TC_94" time="0.016" classname="scenarios.GEO.v1.CountryPost">
    <skipped/>
  </testcase> <!-- TC_94 -->
  <testcase name="TC_95" time="0.0" classname="scenarios.GEO.v1.CountryPost">
    <skipped/>
  </testcase> <!-- TC_95 -->
  <testcase name="TC_100" time="0.015" classname="scenarios.GEO.v1.CountryPost">
    <skipped/>
  </testcase> <!-- TC_100 -->
  <testcase name="TC_101" time="0.015" classname="scenarios.GEO.v1.CountryPost">
    <skipped/>
  </testcase> <!-- TC_101 -->
  <testcase name="TC_102" time="0.015" classname="scenarios.GEO.v1.CountryPost">
    <skipped/>
  </testcase> <!-- TC_102 -->
  <testcase name="TC_103" time="0.0" classname="scenarios.GEO.v1.CountryPost">
    <skipped/>
  </testcase> <!-- TC_103 -->
  <testcase name="TC_104" time="0.0" classname="scenarios.GEO.v1.CountryPost">
    <skipped/>
  </testcase> <!-- TC_104 -->
  <testcase name="TC_105" time="0.0" classname="scenarios.GEO.v1.CountryPost">
    <skipped/>
  </testcase> <!-- TC_105 -->
  <testcase name="TC_106" time="0.0" classname="scenarios.GEO.v1.CountryPost">
    <skipped/>
  </testcase> <!-- TC_106 -->
  <testcase name="TC_107" time="0.0" classname="scenarios.GEO.v1.CountryPost">
    <skipped/>
  </testcase> <!-- TC_107 -->
  <testcase name="TC_108" time="0.0" classname="scenarios.GEO.v1.CountryPost">
    <skipped/>
  </testcase> <!-- TC_108 -->
  <testcase name="TC_109" time="0.016" classname="scenarios.GEO.v1.CountryPost">
    <skipped/>
  </testcase> <!-- TC_109 -->
  <testcase name="TC_110" time="0.172" classname="scenarios.GEO.v1.CountryPost">
    <skipped/>
  </testcase> <!-- TC_110 -->
  <testcase name="TC_111" time="0.0" classname="scenarios.GEO.v1.CountryPost">
    <skipped/>
  </testcase> <!-- TC_111 -->
  <testcase name="TC_112" time="0.016" classname="scenarios.GEO.v1.CountryPost">
    <skipped/>
  </testcase> <!-- TC_112 -->
  <testcase name="TC_113" time="0.0" classname="scenarios.GEO.v1.CountryPost">
    <skipped/>
  </testcase> <!-- TC_113 -->
  <testcase name="TC_114" time="0.0" classname="scenarios.GEO.v1.CountryPost">
    <skipped/>
  </testcase> <!-- TC_114 -->
  <testcase name="TC_115" time="0.0" classname="scenarios.GEO.v1.CountryPost">
    <skipped/>
  </testcase> <!-- TC_115 -->
  <testcase name="TC_116" time="0.0" classname="scenarios.GEO.v1.CountryPost">
    <skipped/>
  </testcase> <!-- TC_116 -->
  <testcase name="TC_96" time="0.007" classname="scenarios.GEO.v1.CountryPost">
    <skipped/>
  </testcase> <!-- TC_96 -->
  <testcase name="TC_97" time="0.004" classname="scenarios.GEO.v1.CountryPost">
    <skipped/>
  </testcase> <!-- TC_97 -->
  <testcase name="TC_98" time="0.004" classname="scenarios.GEO.v1.CountryPost">
    <skipped/>
  </testcase> <!-- TC_98 -->
  <testcase name="TC_99" time="0.003" classname="scenarios.GEO.v1.CountryPost">
    <skipped/>
  </testcase> <!-- TC_99 -->
</testsuite> <!-- Default test -->
