<?xml version="1.0" encoding="UTF-8"?>
<!-- Generated by org.testng.reporters.JUnitXMLReporter -->
<testsuite hostname="COS-3572253-L1" ignored="4" name="Default test" tests="1" failures="1" timestamp="20 Aug 2019 15:42:01 GMT" time="11.228" errors="0">
  <testcase name="TC_05" time="7.906" classname="scenarios.GEO.AffilTypeGet">
    <failure type="java.lang.AssertionError" message="Test Failed">
      <![CDATA[java.lang.AssertionError: Test Failed
at org.testng.Assert.fail(Assert.java:96)
at scenarios.GEO.AffilTypeGet.TC_05(AffilTypeGet.java:711)
at sun.reflect.NativeMethodAccessorImpl.invoke0(Native Method)
at sun.reflect.NativeMethodAccessorImpl.invoke(NativeMethodAccessorImpl.java:62)
at sun.reflect.DelegatingMethodAccessorImpl.invoke(DelegatingMethodAccessorImpl.java:43)
at java.lang.reflect.Method.invoke(Method.java:498)
at org.testng.internal.MethodInvocationHelper.invokeMethod(MethodInvocationHelper.java:124)
at org.testng.internal.Invoker.invokeMethod(Invoker.java:583)
at org.testng.internal.Invoker.invokeTestMethod(Invoker.java:719)
at org.testng.internal.Invoker.invokeTestMethods(Invoker.java:989)
at org.testng.internal.TestMethodWorker.invokeTestMethods(TestMethodWorker.java:125)
at org.testng.internal.TestMethodWorker.run(TestMethodWorker.java:109)
at org.testng.TestRunner.privateRun(TestRunner.java:648)
at org.testng.TestRunner.run(TestRunner.java:505)
at org.testng.SuiteRunner.runTest(SuiteRunner.java:455)
at org.testng.SuiteRunner.runSequentially(SuiteRunner.java:450)
at org.testng.SuiteRunner.privateRun(SuiteRunner.java:415)
at org.testng.SuiteRunner.run(SuiteRunner.java:364)
at org.testng.SuiteRunnerWorker.runSuite(SuiteRunnerWorker.java:52)
at org.testng.SuiteRunnerWorker.run(SuiteRunnerWorker.java:84)
at org.testng.TestNG.runSuitesSequentially(TestNG.java:1208)
at org.testng.TestNG.runSuitesLocally(TestNG.java:1137)
at org.testng.TestNG.runSuites(TestNG.java:1049)
at org.testng.TestNG.run(TestNG.java:1017)
at org.testng.remote.AbstractRemoteTestNG.run(AbstractRemoteTestNG.java:115)
at org.testng.remote.RemoteTestNG.initAndRun(RemoteTestNG.java:251)
at org.testng.remote.RemoteTestNG.main(RemoteTestNG.java:77)
]]>
    </failure>
  </testcase> <!-- TC_05 -->
  <testcase name="TC_01" time="0.0" classname="scenarios.GEO.AffilTypeGet">
    <ignored/>
  </testcase> <!-- TC_01 -->
  <testcase name="TC_02" time="0.0" classname="scenarios.GEO.AffilTypeGet">
    <ignored/>
  </testcase> <!-- TC_02 -->
  <testcase name="TC_03" time="0.0" classname="scenarios.GEO.AffilTypeGet">
    <ignored/>
  </testcase> <!-- TC_03 -->
  <testcase name="TC_04" time="0.0" classname="scenarios.GEO.AffilTypeGet">
    <ignored/>
  </testcase> <!-- TC_04 -->
</testsuite> <!-- Default test -->
