<?xml version="1.0" encoding="UTF-8"?>
<!-- Generated by org.testng.reporters.JUnitXMLReporter -->
<testsuite hostname="SYN-FLX-005" name="Default test" tests="16" failures="0" timestamp="9 Sep 2020 18:03:41 GMT" time="40.67" errors="0">
  <testcase name="TC_01" time="4.998" classname="scenarios.GEO.v1.GeoOrgStdPost"/>
  <testcase name="TC_16" time="9.94" classname="scenarios.GEO.v1.GeoOrgStdPost"/>
  <testcase name="TC_02" time="1.028" classname="scenarios.GEO.v1.GeoOrgStdPost"/>
  <testcase name="TC_03" time="1.931" classname="scenarios.GEO.v1.GeoOrgStdPost"/>
  <testcase name="TC_04" time="0.878" classname="scenarios.GEO.v1.GeoOrgStdPost"/>
  <testcase name="TC_05" time="1.011" classname="scenarios.GEO.v1.GeoOrgStdPost"/>
  <testcase name="TC_06" time="1.819" classname="scenarios.GEO.v1.GeoOrgStdPost"/>
  <testcase name="TC_07" time="0.85" classname="scenarios.GEO.v1.GeoOrgStdPost"/>
  <testcase name="TC_08" time="0.813" classname="scenarios.GEO.v1.GeoOrgStdPost"/>
  <testcase name="TC_09" time="0.799" classname="scenarios.GEO.v1.GeoOrgStdPost"/>
  <testcase name="TC_10" time="0.94" classname="scenarios.GEO.v1.GeoOrgStdPost"/>
  <testcase name="TC_11" time="0.91" classname="scenarios.GEO.v1.GeoOrgStdPost"/>
  <testcase name="TC_12" time="1.254" classname="scenarios.GEO.v1.GeoOrgStdPost"/>
  <testcase name="TC_13" time="1.107" classname="scenarios.GEO.v1.GeoOrgStdPost"/>
  <testcase name="TC_14" time="0.901" classname="scenarios.GEO.v1.GeoOrgStdPost"/>
  <testcase name="TC_15" time="0.856" classname="scenarios.GEO.v1.GeoOrgStdPost"/>
</testsuite> <!-- Default test -->
