<?xml version="1.0" encoding="UTF-8"?>
<testng-results skipped="118" failed="0" total="120" passed="2">
  <reporter-output>
  </reporter-output>
  <suite name="Default suite" duration-ms="83009" started-at="2020-06-29T09:05:10Z" finished-at="2020-06-29T09:06:33Z">
    <groups>
    </groups>
    <test name="Default test" duration-ms="83009" started-at="2020-06-29T09:05:10Z" finished-at="2020-06-29T09:06:33Z">
      <class name="scenarios.GEO.v1.CountryPost">
        <test-method status="PASS" signature="cleanFolder()[pri:0, instance:scenarios.GEO.v1.CountryPost@1e2203c]" name="cleanFolder" is-config="true" duration-ms="143" started-at="2020-06-29T10:05:10Z" finished-at="2020-06-29T10:05:10Z">
          <reporter-output>
          </reporter-output>
        </test-method> <!-- cleanFolder -->
        <test-method status="PASS" signature="beforeSuite()[pri:0, instance:scenarios.GEO.v1.CountryPost@1e2203c]" name="beforeSuite" is-config="true" duration-ms="4" started-at="2020-06-29T10:05:10Z" finished-at="2020-06-29T10:05:10Z">
          <reporter-output>
          </reporter-output>
        </test-method> <!-- beforeSuite -->
        <test-method status="PASS" signature="getToken()[pri:0, instance:scenarios.GEO.v1.CountryPost@1e2203c]" name="getToken" is-config="true" duration-ms="973" started-at="2020-06-29T10:05:10Z" finished-at="2020-06-29T10:05:11Z">
          <reporter-output>
          </reporter-output>
        </test-method> <!-- getToken -->
        <test-method status="PASS" signature="startReport()[pri:0, instance:scenarios.GEO.v1.CountryPost@1e2203c]" name="startReport" is-config="true" duration-ms="296" started-at="2020-06-29T10:05:11Z" finished-at="2020-06-29T10:05:12Z">
          <reporter-output>
          </reporter-output>
        </test-method> <!-- startReport -->
        <test-method status="PASS" signature="before()[pri:0, instance:scenarios.GEO.v1.CountryPost@1e2203c]" name="before" is-config="true" duration-ms="1344" started-at="2020-06-29T10:05:12Z" finished-at="2020-06-29T10:05:13Z">
          <reporter-output>
          </reporter-output>
        </test-method> <!-- before -->
        <test-method status="PASS" signature="startRepo(java.lang.reflect.Method)[pri:0, instance:scenarios.GEO.v1.CountryPost@1e2203c]" name="startRepo" is-config="true" duration-ms="1014" started-at="2020-06-29T10:05:13Z" finished-at="2020-06-29T10:05:14Z">
          <params>
            <param index="0">
              <value>
                <![CDATA[public void scenarios.GEO.v1.CountryPost.TC_01()]]>
              </value>
            </param>
          </params>
          <reporter-output>
          </reporter-output>
        </test-method> <!-- startRepo -->
        <test-method status="PASS" signature="getCurrentDate()[pri:0, instance:scenarios.GEO.v1.CountryPost@1e2203c]" name="getCurrentDate" is-config="true" duration-ms="0" started-at="2020-06-29T10:05:13Z" finished-at="2020-06-29T10:05:13Z">
          <reporter-output>
          </reporter-output>
        </test-method> <!-- getCurrentDate -->
        <test-method status="SKIP" signature="TC_01()[pri:1, instance:scenarios.GEO.v1.CountryPost@1e2203c]" name="TC_01" duration-ms="15" started-at="2020-06-29T10:05:14Z" finished-at="2020-06-29T10:05:14Z">
          <exception class="org.testng.SkipException">
            <message>
              <![CDATA[Execution skipped as per test flag set]]>
            </message>
            <full-stacktrace>
              <![CDATA[org.testng.SkipException: Execution skipped as per test flag set
	at scenarios.GEO.v1.CountryPost.TC_01(CountryPost.java:113)
	at sun.reflect.NativeMethodAccessorImpl.invoke0(Native Method)
	at sun.reflect.NativeMethodAccessorImpl.invoke(Unknown Source)
	at sun.reflect.DelegatingMethodAccessorImpl.invoke(Unknown Source)
	at java.lang.reflect.Method.invoke(Unknown Source)
	at org.testng.internal.MethodInvocationHelper.invokeMethod(MethodInvocationHelper.java:86)
	at org.testng.internal.Invoker.invokeMethod(Invoker.java:646)
	at org.testng.internal.Invoker.invokeTestMethod(Invoker.java:823)
	at org.testng.internal.Invoker.invokeTestMethods(Invoker.java:1131)
	at org.testng.internal.TestMethodWorker.invokeTestMethods(TestMethodWorker.java:129)
	at org.testng.internal.TestMethodWorker.run(TestMethodWorker.java:112)
	at org.testng.TestRunner.privateRun(TestRunner.java:778)
	at org.testng.TestRunner.run(TestRunner.java:632)
	at org.testng.SuiteRunner.runTest(SuiteRunner.java:366)
	at org.testng.SuiteRunner.runSequentially(SuiteRunner.java:361)
	at org.testng.SuiteRunner.privateRun(SuiteRunner.java:319)
	at org.testng.SuiteRunner.run(SuiteRunner.java:268)
	at org.testng.SuiteRunnerWorker.runSuite(SuiteRunnerWorker.java:52)
	at org.testng.SuiteRunnerWorker.run(SuiteRunnerWorker.java:86)
	at org.testng.TestNG.runSuitesSequentially(TestNG.java:1225)
	at org.testng.TestNG.runSuitesLocally(TestNG.java:1150)
	at org.testng.TestNG.runSuites(TestNG.java:1075)
	at org.testng.TestNG.run(TestNG.java:1047)
	at org.testng.remote.AbstractRemoteTestNG.run(AbstractRemoteTestNG.java:126)
	at org.testng.remote.RemoteTestNG.initAndRun(RemoteTestNG.java:137)
	at org.testng.remote.RemoteTestNG.main(RemoteTestNG.java:58)
]]>
            </full-stacktrace>
          </exception> <!-- org.testng.SkipException -->
          <reporter-output>
          </reporter-output>
        </test-method> <!-- TC_01 -->
        <test-method status="PASS" signature="getCurrentDate()[pri:0, instance:scenarios.GEO.v1.CountryPost@1e2203c]" name="getCurrentDate" is-config="true" duration-ms="0" started-at="2020-06-29T10:05:14Z" finished-at="2020-06-29T10:05:14Z">
          <reporter-output>
          </reporter-output>
        </test-method> <!-- getCurrentDate -->
        <test-method status="PASS" signature="startRepo(java.lang.reflect.Method)[pri:0, instance:scenarios.GEO.v1.CountryPost@1e2203c]" name="startRepo" is-config="true" duration-ms="671" started-at="2020-06-29T10:05:14Z" finished-at="2020-06-29T10:05:15Z">
          <params>
            <param index="0">
              <value>
                <![CDATA[public void scenarios.GEO.v1.CountryPost.TC_120()]]>
              </value>
            </param>
          </params>
          <reporter-output>
          </reporter-output>
        </test-method> <!-- startRepo -->
        <test-method status="SKIP" signature="TC_120()[pri:1, instance:scenarios.GEO.v1.CountryPost@1e2203c]" name="TC_120" duration-ms="3" started-at="2020-06-29T10:05:15Z" finished-at="2020-06-29T10:05:15Z">
          <exception class="org.testng.SkipException">
            <message>
              <![CDATA[Execution skipped as per test flag set]]>
            </message>
            <full-stacktrace>
              <![CDATA[org.testng.SkipException: Execution skipped as per test flag set
	at scenarios.GEO.v1.CountryPost.TC_120(CountryPost.java:40207)
	at sun.reflect.NativeMethodAccessorImpl.invoke0(Native Method)
	at sun.reflect.NativeMethodAccessorImpl.invoke(Unknown Source)
	at sun.reflect.DelegatingMethodAccessorImpl.invoke(Unknown Source)
	at java.lang.reflect.Method.invoke(Unknown Source)
	at org.testng.internal.MethodInvocationHelper.invokeMethod(MethodInvocationHelper.java:86)
	at org.testng.internal.Invoker.invokeMethod(Invoker.java:646)
	at org.testng.internal.Invoker.invokeTestMethod(Invoker.java:823)
	at org.testng.internal.Invoker.invokeTestMethods(Invoker.java:1131)
	at org.testng.internal.TestMethodWorker.invokeTestMethods(TestMethodWorker.java:129)
	at org.testng.internal.TestMethodWorker.run(TestMethodWorker.java:112)
	at org.testng.TestRunner.privateRun(TestRunner.java:778)
	at org.testng.TestRunner.run(TestRunner.java:632)
	at org.testng.SuiteRunner.runTest(SuiteRunner.java:366)
	at org.testng.SuiteRunner.runSequentially(SuiteRunner.java:361)
	at org.testng.SuiteRunner.privateRun(SuiteRunner.java:319)
	at org.testng.SuiteRunner.run(SuiteRunner.java:268)
	at org.testng.SuiteRunnerWorker.runSuite(SuiteRunnerWorker.java:52)
	at org.testng.SuiteRunnerWorker.run(SuiteRunnerWorker.java:86)
	at org.testng.TestNG.runSuitesSequentially(TestNG.java:1225)
	at org.testng.TestNG.runSuitesLocally(TestNG.java:1150)
	at org.testng.TestNG.runSuites(TestNG.java:1075)
	at org.testng.TestNG.run(TestNG.java:1047)
	at org.testng.remote.AbstractRemoteTestNG.run(AbstractRemoteTestNG.java:126)
	at org.testng.remote.RemoteTestNG.initAndRun(RemoteTestNG.java:137)
	at org.testng.remote.RemoteTestNG.main(RemoteTestNG.java:58)
]]>
            </full-stacktrace>
          </exception> <!-- org.testng.SkipException -->
          <reporter-output>
          </reporter-output>
        </test-method> <!-- TC_120 -->
        <test-method status="PASS" signature="startRepo(java.lang.reflect.Method)[pri:0, instance:scenarios.GEO.v1.CountryPost@1e2203c]" name="startRepo" is-config="true" duration-ms="514" started-at="2020-06-29T10:05:15Z" finished-at="2020-06-29T10:05:15Z">
          <params>
            <param index="0">
              <value>
                <![CDATA[public void scenarios.GEO.v1.CountryPost.TC_02()]]>
              </value>
            </param>
          </params>
          <reporter-output>
          </reporter-output>
        </test-method> <!-- startRepo -->
        <test-method status="PASS" signature="getCurrentDate()[pri:0, instance:scenarios.GEO.v1.CountryPost@1e2203c]" name="getCurrentDate" is-config="true" duration-ms="0" started-at="2020-06-29T10:05:15Z" finished-at="2020-06-29T10:05:15Z">
          <reporter-output>
          </reporter-output>
        </test-method> <!-- getCurrentDate -->
        <test-method status="SKIP" signature="TC_02()[pri:2, instance:scenarios.GEO.v1.CountryPost@1e2203c]" name="TC_02" duration-ms="5" started-at="2020-06-29T10:05:15Z" finished-at="2020-06-29T10:05:15Z">
          <exception class="org.testng.SkipException">
            <message>
              <![CDATA[Execution skipped as per test flag set]]>
            </message>
            <full-stacktrace>
              <![CDATA[org.testng.SkipException: Execution skipped as per test flag set
	at scenarios.GEO.v1.CountryPost.TC_02(CountryPost.java:741)
	at sun.reflect.NativeMethodAccessorImpl.invoke0(Native Method)
	at sun.reflect.NativeMethodAccessorImpl.invoke(Unknown Source)
	at sun.reflect.DelegatingMethodAccessorImpl.invoke(Unknown Source)
	at java.lang.reflect.Method.invoke(Unknown Source)
	at org.testng.internal.MethodInvocationHelper.invokeMethod(MethodInvocationHelper.java:86)
	at org.testng.internal.Invoker.invokeMethod(Invoker.java:646)
	at org.testng.internal.Invoker.invokeTestMethod(Invoker.java:823)
	at org.testng.internal.Invoker.invokeTestMethods(Invoker.java:1131)
	at org.testng.internal.TestMethodWorker.invokeTestMethods(TestMethodWorker.java:129)
	at org.testng.internal.TestMethodWorker.run(TestMethodWorker.java:112)
	at org.testng.TestRunner.privateRun(TestRunner.java:778)
	at org.testng.TestRunner.run(TestRunner.java:632)
	at org.testng.SuiteRunner.runTest(SuiteRunner.java:366)
	at org.testng.SuiteRunner.runSequentially(SuiteRunner.java:361)
	at org.testng.SuiteRunner.privateRun(SuiteRunner.java:319)
	at org.testng.SuiteRunner.run(SuiteRunner.java:268)
	at org.testng.SuiteRunnerWorker.runSuite(SuiteRunnerWorker.java:52)
	at org.testng.SuiteRunnerWorker.run(SuiteRunnerWorker.java:86)
	at org.testng.TestNG.runSuitesSequentially(TestNG.java:1225)
	at org.testng.TestNG.runSuitesLocally(TestNG.java:1150)
	at org.testng.TestNG.runSuites(TestNG.java:1075)
	at org.testng.TestNG.run(TestNG.java:1047)
	at org.testng.remote.AbstractRemoteTestNG.run(AbstractRemoteTestNG.java:126)
	at org.testng.remote.RemoteTestNG.initAndRun(RemoteTestNG.java:137)
	at org.testng.remote.RemoteTestNG.main(RemoteTestNG.java:58)
]]>
            </full-stacktrace>
          </exception> <!-- org.testng.SkipException -->
          <reporter-output>
          </reporter-output>
        </test-method> <!-- TC_02 -->
        <test-method status="PASS" signature="startRepo(java.lang.reflect.Method)[pri:0, instance:scenarios.GEO.v1.CountryPost@1e2203c]" name="startRepo" is-config="true" duration-ms="599" started-at="2020-06-29T10:05:15Z" finished-at="2020-06-29T10:05:16Z">
          <params>
            <param index="0">
              <value>
                <![CDATA[public void scenarios.GEO.v1.CountryPost.TC_03()]]>
              </value>
            </param>
          </params>
          <reporter-output>
          </reporter-output>
        </test-method> <!-- startRepo -->
        <test-method status="PASS" signature="getCurrentDate()[pri:0, instance:scenarios.GEO.v1.CountryPost@1e2203c]" name="getCurrentDate" is-config="true" duration-ms="0" started-at="2020-06-29T10:05:15Z" finished-at="2020-06-29T10:05:15Z">
          <reporter-output>
          </reporter-output>
        </test-method> <!-- getCurrentDate -->
        <test-method status="SKIP" signature="TC_03()[pri:2, instance:scenarios.GEO.v1.CountryPost@1e2203c]" name="TC_03" duration-ms="15" started-at="2020-06-29T10:05:16Z" finished-at="2020-06-29T10:05:16Z">
          <exception class="org.testng.SkipException">
            <message>
              <![CDATA[Execution skipped as per test flag set]]>
            </message>
            <full-stacktrace>
              <![CDATA[org.testng.SkipException: Execution skipped as per test flag set
	at scenarios.GEO.v1.CountryPost.TC_03(CountryPost.java:911)
	at sun.reflect.NativeMethodAccessorImpl.invoke0(Native Method)
	at sun.reflect.NativeMethodAccessorImpl.invoke(Unknown Source)
	at sun.reflect.DelegatingMethodAccessorImpl.invoke(Unknown Source)
	at java.lang.reflect.Method.invoke(Unknown Source)
	at org.testng.internal.MethodInvocationHelper.invokeMethod(MethodInvocationHelper.java:86)
	at org.testng.internal.Invoker.invokeMethod(Invoker.java:646)
	at org.testng.internal.Invoker.invokeTestMethod(Invoker.java:823)
	at org.testng.internal.Invoker.invokeTestMethods(Invoker.java:1131)
	at org.testng.internal.TestMethodWorker.invokeTestMethods(TestMethodWorker.java:129)
	at org.testng.internal.TestMethodWorker.run(TestMethodWorker.java:112)
	at org.testng.TestRunner.privateRun(TestRunner.java:778)
	at org.testng.TestRunner.run(TestRunner.java:632)
	at org.testng.SuiteRunner.runTest(SuiteRunner.java:366)
	at org.testng.SuiteRunner.runSequentially(SuiteRunner.java:361)
	at org.testng.SuiteRunner.privateRun(SuiteRunner.java:319)
	at org.testng.SuiteRunner.run(SuiteRunner.java:268)
	at org.testng.SuiteRunnerWorker.runSuite(SuiteRunnerWorker.java:52)
	at org.testng.SuiteRunnerWorker.run(SuiteRunnerWorker.java:86)
	at org.testng.TestNG.runSuitesSequentially(TestNG.java:1225)
	at org.testng.TestNG.runSuitesLocally(TestNG.java:1150)
	at org.testng.TestNG.runSuites(TestNG.java:1075)
	at org.testng.TestNG.run(TestNG.java:1047)
	at org.testng.remote.AbstractRemoteTestNG.run(AbstractRemoteTestNG.java:126)
	at org.testng.remote.RemoteTestNG.initAndRun(RemoteTestNG.java:137)
	at org.testng.remote.RemoteTestNG.main(RemoteTestNG.java:58)
]]>
            </full-stacktrace>
          </exception> <!-- org.testng.SkipException -->
          <reporter-output>
          </reporter-output>
        </test-method> <!-- TC_03 -->
        <test-method status="PASS" signature="getCurrentDate()[pri:0, instance:scenarios.GEO.v1.CountryPost@1e2203c]" name="getCurrentDate" is-config="true" duration-ms="0" started-at="2020-06-29T10:05:16Z" finished-at="2020-06-29T10:05:16Z">
          <reporter-output>
          </reporter-output>
        </test-method> <!-- getCurrentDate -->
        <test-method status="PASS" signature="startRepo(java.lang.reflect.Method)[pri:0, instance:scenarios.GEO.v1.CountryPost@1e2203c]" name="startRepo" is-config="true" duration-ms="359" started-at="2020-06-29T10:05:16Z" finished-at="2020-06-29T10:05:16Z">
          <params>
            <param index="0">
              <value>
                <![CDATA[public void scenarios.GEO.v1.CountryPost.TC_04()]]>
              </value>
            </param>
          </params>
          <reporter-output>
          </reporter-output>
        </test-method> <!-- startRepo -->
        <test-method status="PASS" signature="getCurrentDate()[pri:0, instance:scenarios.GEO.v1.CountryPost@1e2203c]" name="getCurrentDate" is-config="true" duration-ms="0" started-at="2020-06-29T10:05:16Z" finished-at="2020-06-29T10:05:16Z">
          <reporter-output>
          </reporter-output>
        </test-method> <!-- getCurrentDate -->
        <test-method status="PASS" signature="startRepo(java.lang.reflect.Method)[pri:0, instance:scenarios.GEO.v1.CountryPost@1e2203c]" name="startRepo" is-config="true" duration-ms="468" started-at="2020-06-29T10:05:16Z" finished-at="2020-06-29T10:05:17Z">
          <params>
            <param index="0">
              <value>
                <![CDATA[public void scenarios.GEO.v1.CountryPost.TC_05()]]>
              </value>
            </param>
          </params>
          <reporter-output>
          </reporter-output>
        </test-method> <!-- startRepo -->
        <test-method status="SKIP" signature="TC_04()[pri:2, instance:scenarios.GEO.v1.CountryPost@1e2203c]" name="TC_04" duration-ms="0" started-at="2020-06-29T10:05:16Z" finished-at="2020-06-29T10:05:16Z">
          <exception class="org.testng.SkipException">
            <message>
              <![CDATA[Execution skipped as per test flag set]]>
            </message>
            <full-stacktrace>
              <![CDATA[org.testng.SkipException: Execution skipped as per test flag set
	at scenarios.GEO.v1.CountryPost.TC_04(CountryPost.java:1080)
	at sun.reflect.NativeMethodAccessorImpl.invoke0(Native Method)
	at sun.reflect.NativeMethodAccessorImpl.invoke(Unknown Source)
	at sun.reflect.DelegatingMethodAccessorImpl.invoke(Unknown Source)
	at java.lang.reflect.Method.invoke(Unknown Source)
	at org.testng.internal.MethodInvocationHelper.invokeMethod(MethodInvocationHelper.java:86)
	at org.testng.internal.Invoker.invokeMethod(Invoker.java:646)
	at org.testng.internal.Invoker.invokeTestMethod(Invoker.java:823)
	at org.testng.internal.Invoker.invokeTestMethods(Invoker.java:1131)
	at org.testng.internal.TestMethodWorker.invokeTestMethods(TestMethodWorker.java:129)
	at org.testng.internal.TestMethodWorker.run(TestMethodWorker.java:112)
	at org.testng.TestRunner.privateRun(TestRunner.java:778)
	at org.testng.TestRunner.run(TestRunner.java:632)
	at org.testng.SuiteRunner.runTest(SuiteRunner.java:366)
	at org.testng.SuiteRunner.runSequentially(SuiteRunner.java:361)
	at org.testng.SuiteRunner.privateRun(SuiteRunner.java:319)
	at org.testng.SuiteRunner.run(SuiteRunner.java:268)
	at org.testng.SuiteRunnerWorker.runSuite(SuiteRunnerWorker.java:52)
	at org.testng.SuiteRunnerWorker.run(SuiteRunnerWorker.java:86)
	at org.testng.TestNG.runSuitesSequentially(TestNG.java:1225)
	at org.testng.TestNG.runSuitesLocally(TestNG.java:1150)
	at org.testng.TestNG.runSuites(TestNG.java:1075)
	at org.testng.TestNG.run(TestNG.java:1047)
	at org.testng.remote.AbstractRemoteTestNG.run(AbstractRemoteTestNG.java:126)
	at org.testng.remote.RemoteTestNG.initAndRun(RemoteTestNG.java:137)
	at org.testng.remote.RemoteTestNG.main(RemoteTestNG.java:58)
]]>
            </full-stacktrace>
          </exception> <!-- org.testng.SkipException -->
          <reporter-output>
          </reporter-output>
        </test-method> <!-- TC_04 -->
        <test-method status="SKIP" signature="TC_05()[pri:2, instance:scenarios.GEO.v1.CountryPost@1e2203c]" name="TC_05" duration-ms="16" started-at="2020-06-29T10:05:17Z" finished-at="2020-06-29T10:05:17Z">
          <exception class="org.testng.SkipException">
            <message>
              <![CDATA[Execution skipped as per test flag set]]>
            </message>
            <full-stacktrace>
              <![CDATA[org.testng.SkipException: Execution skipped as per test flag set
	at scenarios.GEO.v1.CountryPost.TC_05(CountryPost.java:1250)
	at sun.reflect.NativeMethodAccessorImpl.invoke0(Native Method)
	at sun.reflect.NativeMethodAccessorImpl.invoke(Unknown Source)
	at sun.reflect.DelegatingMethodAccessorImpl.invoke(Unknown Source)
	at java.lang.reflect.Method.invoke(Unknown Source)
	at org.testng.internal.MethodInvocationHelper.invokeMethod(MethodInvocationHelper.java:86)
	at org.testng.internal.Invoker.invokeMethod(Invoker.java:646)
	at org.testng.internal.Invoker.invokeTestMethod(Invoker.java:823)
	at org.testng.internal.Invoker.invokeTestMethods(Invoker.java:1131)
	at org.testng.internal.TestMethodWorker.invokeTestMethods(TestMethodWorker.java:129)
	at org.testng.internal.TestMethodWorker.run(TestMethodWorker.java:112)
	at org.testng.TestRunner.privateRun(TestRunner.java:778)
	at org.testng.TestRunner.run(TestRunner.java:632)
	at org.testng.SuiteRunner.runTest(SuiteRunner.java:366)
	at org.testng.SuiteRunner.runSequentially(SuiteRunner.java:361)
	at org.testng.SuiteRunner.privateRun(SuiteRunner.java:319)
	at org.testng.SuiteRunner.run(SuiteRunner.java:268)
	at org.testng.SuiteRunnerWorker.runSuite(SuiteRunnerWorker.java:52)
	at org.testng.SuiteRunnerWorker.run(SuiteRunnerWorker.java:86)
	at org.testng.TestNG.runSuitesSequentially(TestNG.java:1225)
	at org.testng.TestNG.runSuitesLocally(TestNG.java:1150)
	at org.testng.TestNG.runSuites(TestNG.java:1075)
	at org.testng.TestNG.run(TestNG.java:1047)
	at org.testng.remote.AbstractRemoteTestNG.run(AbstractRemoteTestNG.java:126)
	at org.testng.remote.RemoteTestNG.initAndRun(RemoteTestNG.java:137)
	at org.testng.remote.RemoteTestNG.main(RemoteTestNG.java:58)
]]>
            </full-stacktrace>
          </exception> <!-- org.testng.SkipException -->
          <reporter-output>
          </reporter-output>
        </test-method> <!-- TC_05 -->
        <test-method status="PASS" signature="getCurrentDate()[pri:0, instance:scenarios.GEO.v1.CountryPost@1e2203c]" name="getCurrentDate" is-config="true" duration-ms="0" started-at="2020-06-29T10:05:17Z" finished-at="2020-06-29T10:05:17Z">
          <reporter-output>
          </reporter-output>
        </test-method> <!-- getCurrentDate -->
        <test-method status="PASS" signature="startRepo(java.lang.reflect.Method)[pri:0, instance:scenarios.GEO.v1.CountryPost@1e2203c]" name="startRepo" is-config="true" duration-ms="358" started-at="2020-06-29T10:05:17Z" finished-at="2020-06-29T10:05:17Z">
          <params>
            <param index="0">
              <value>
                <![CDATA[public void scenarios.GEO.v1.CountryPost.TC_06()]]>
              </value>
            </param>
          </params>
          <reporter-output>
          </reporter-output>
        </test-method> <!-- startRepo -->
        <test-method status="SKIP" signature="TC_06()[pri:2, instance:scenarios.GEO.v1.CountryPost@1e2203c]" name="TC_06" duration-ms="0" started-at="2020-06-29T10:05:17Z" finished-at="2020-06-29T10:05:17Z">
          <exception class="org.testng.SkipException">
            <message>
              <![CDATA[Execution skipped as per test flag set]]>
            </message>
            <full-stacktrace>
              <![CDATA[org.testng.SkipException: Execution skipped as per test flag set
	at scenarios.GEO.v1.CountryPost.TC_06(CountryPost.java:1655)
	at sun.reflect.NativeMethodAccessorImpl.invoke0(Native Method)
	at sun.reflect.NativeMethodAccessorImpl.invoke(Unknown Source)
	at sun.reflect.DelegatingMethodAccessorImpl.invoke(Unknown Source)
	at java.lang.reflect.Method.invoke(Unknown Source)
	at org.testng.internal.MethodInvocationHelper.invokeMethod(MethodInvocationHelper.java:86)
	at org.testng.internal.Invoker.invokeMethod(Invoker.java:646)
	at org.testng.internal.Invoker.invokeTestMethod(Invoker.java:823)
	at org.testng.internal.Invoker.invokeTestMethods(Invoker.java:1131)
	at org.testng.internal.TestMethodWorker.invokeTestMethods(TestMethodWorker.java:129)
	at org.testng.internal.TestMethodWorker.run(TestMethodWorker.java:112)
	at org.testng.TestRunner.privateRun(TestRunner.java:778)
	at org.testng.TestRunner.run(TestRunner.java:632)
	at org.testng.SuiteRunner.runTest(SuiteRunner.java:366)
	at org.testng.SuiteRunner.runSequentially(SuiteRunner.java:361)
	at org.testng.SuiteRunner.privateRun(SuiteRunner.java:319)
	at org.testng.SuiteRunner.run(SuiteRunner.java:268)
	at org.testng.SuiteRunnerWorker.runSuite(SuiteRunnerWorker.java:52)
	at org.testng.SuiteRunnerWorker.run(SuiteRunnerWorker.java:86)
	at org.testng.TestNG.runSuitesSequentially(TestNG.java:1225)
	at org.testng.TestNG.runSuitesLocally(TestNG.java:1150)
	at org.testng.TestNG.runSuites(TestNG.java:1075)
	at org.testng.TestNG.run(TestNG.java:1047)
	at org.testng.remote.AbstractRemoteTestNG.run(AbstractRemoteTestNG.java:126)
	at org.testng.remote.RemoteTestNG.initAndRun(RemoteTestNG.java:137)
	at org.testng.remote.RemoteTestNG.main(RemoteTestNG.java:58)
]]>
            </full-stacktrace>
          </exception> <!-- org.testng.SkipException -->
          <reporter-output>
          </reporter-output>
        </test-method> <!-- TC_06 -->
        <test-method status="PASS" signature="getCurrentDate()[pri:0, instance:scenarios.GEO.v1.CountryPost@1e2203c]" name="getCurrentDate" is-config="true" duration-ms="0" started-at="2020-06-29T10:05:17Z" finished-at="2020-06-29T10:05:17Z">
          <reporter-output>
          </reporter-output>
        </test-method> <!-- getCurrentDate -->
        <test-method status="PASS" signature="startRepo(java.lang.reflect.Method)[pri:0, instance:scenarios.GEO.v1.CountryPost@1e2203c]" name="startRepo" is-config="true" duration-ms="424" started-at="2020-06-29T10:05:17Z" finished-at="2020-06-29T10:05:17Z">
          <params>
            <param index="0">
              <value>
                <![CDATA[public void scenarios.GEO.v1.CountryPost.TC_07()]]>
              </value>
            </param>
          </params>
          <reporter-output>
          </reporter-output>
        </test-method> <!-- startRepo -->
        <test-method status="SKIP" signature="TC_07()[pri:2, instance:scenarios.GEO.v1.CountryPost@1e2203c]" name="TC_07" duration-ms="3" started-at="2020-06-29T10:05:17Z" finished-at="2020-06-29T10:05:17Z">
          <exception class="org.testng.SkipException">
            <message>
              <![CDATA[Execution skipped as per test flag set]]>
            </message>
            <full-stacktrace>
              <![CDATA[org.testng.SkipException: Execution skipped as per test flag set
	at scenarios.GEO.v1.CountryPost.TC_07(CountryPost.java:2060)
	at sun.reflect.NativeMethodAccessorImpl.invoke0(Native Method)
	at sun.reflect.NativeMethodAccessorImpl.invoke(Unknown Source)
	at sun.reflect.DelegatingMethodAccessorImpl.invoke(Unknown Source)
	at java.lang.reflect.Method.invoke(Unknown Source)
	at org.testng.internal.MethodInvocationHelper.invokeMethod(MethodInvocationHelper.java:86)
	at org.testng.internal.Invoker.invokeMethod(Invoker.java:646)
	at org.testng.internal.Invoker.invokeTestMethod(Invoker.java:823)
	at org.testng.internal.Invoker.invokeTestMethods(Invoker.java:1131)
	at org.testng.internal.TestMethodWorker.invokeTestMethods(TestMethodWorker.java:129)
	at org.testng.internal.TestMethodWorker.run(TestMethodWorker.java:112)
	at org.testng.TestRunner.privateRun(TestRunner.java:778)
	at org.testng.TestRunner.run(TestRunner.java:632)
	at org.testng.SuiteRunner.runTest(SuiteRunner.java:366)
	at org.testng.SuiteRunner.runSequentially(SuiteRunner.java:361)
	at org.testng.SuiteRunner.privateRun(SuiteRunner.java:319)
	at org.testng.SuiteRunner.run(SuiteRunner.java:268)
	at org.testng.SuiteRunnerWorker.runSuite(SuiteRunnerWorker.java:52)
	at org.testng.SuiteRunnerWorker.run(SuiteRunnerWorker.java:86)
	at org.testng.TestNG.runSuitesSequentially(TestNG.java:1225)
	at org.testng.TestNG.runSuitesLocally(TestNG.java:1150)
	at org.testng.TestNG.runSuites(TestNG.java:1075)
	at org.testng.TestNG.run(TestNG.java:1047)
	at org.testng.remote.AbstractRemoteTestNG.run(AbstractRemoteTestNG.java:126)
	at org.testng.remote.RemoteTestNG.initAndRun(RemoteTestNG.java:137)
	at org.testng.remote.RemoteTestNG.main(RemoteTestNG.java:58)
]]>
            </full-stacktrace>
          </exception> <!-- org.testng.SkipException -->
          <reporter-output>
          </reporter-output>
        </test-method> <!-- TC_07 -->
        <test-method status="PASS" signature="getCurrentDate()[pri:0, instance:scenarios.GEO.v1.CountryPost@1e2203c]" name="getCurrentDate" is-config="true" duration-ms="1" started-at="2020-06-29T10:05:17Z" finished-at="2020-06-29T10:05:17Z">
          <reporter-output>
          </reporter-output>
        </test-method> <!-- getCurrentDate -->
        <test-method status="PASS" signature="startRepo(java.lang.reflect.Method)[pri:0, instance:scenarios.GEO.v1.CountryPost@1e2203c]" name="startRepo" is-config="true" duration-ms="472" started-at="2020-06-29T10:05:17Z" finished-at="2020-06-29T10:05:18Z">
          <params>
            <param index="0">
              <value>
                <![CDATA[public void scenarios.GEO.v1.CountryPost.TC_08()]]>
              </value>
            </param>
          </params>
          <reporter-output>
          </reporter-output>
        </test-method> <!-- startRepo -->
        <test-method status="SKIP" signature="TC_08()[pri:2, instance:scenarios.GEO.v1.CountryPost@1e2203c]" name="TC_08" duration-ms="3" started-at="2020-06-29T10:05:18Z" finished-at="2020-06-29T10:05:18Z">
          <exception class="org.testng.SkipException">
            <message>
              <![CDATA[Execution skipped as per test flag set]]>
            </message>
            <full-stacktrace>
              <![CDATA[org.testng.SkipException: Execution skipped as per test flag set
	at scenarios.GEO.v1.CountryPost.TC_08(CountryPost.java:2465)
	at sun.reflect.NativeMethodAccessorImpl.invoke0(Native Method)
	at sun.reflect.NativeMethodAccessorImpl.invoke(Unknown Source)
	at sun.reflect.DelegatingMethodAccessorImpl.invoke(Unknown Source)
	at java.lang.reflect.Method.invoke(Unknown Source)
	at org.testng.internal.MethodInvocationHelper.invokeMethod(MethodInvocationHelper.java:86)
	at org.testng.internal.Invoker.invokeMethod(Invoker.java:646)
	at org.testng.internal.Invoker.invokeTestMethod(Invoker.java:823)
	at org.testng.internal.Invoker.invokeTestMethods(Invoker.java:1131)
	at org.testng.internal.TestMethodWorker.invokeTestMethods(TestMethodWorker.java:129)
	at org.testng.internal.TestMethodWorker.run(TestMethodWorker.java:112)
	at org.testng.TestRunner.privateRun(TestRunner.java:778)
	at org.testng.TestRunner.run(TestRunner.java:632)
	at org.testng.SuiteRunner.runTest(SuiteRunner.java:366)
	at org.testng.SuiteRunner.runSequentially(SuiteRunner.java:361)
	at org.testng.SuiteRunner.privateRun(SuiteRunner.java:319)
	at org.testng.SuiteRunner.run(SuiteRunner.java:268)
	at org.testng.SuiteRunnerWorker.runSuite(SuiteRunnerWorker.java:52)
	at org.testng.SuiteRunnerWorker.run(SuiteRunnerWorker.java:86)
	at org.testng.TestNG.runSuitesSequentially(TestNG.java:1225)
	at org.testng.TestNG.runSuitesLocally(TestNG.java:1150)
	at org.testng.TestNG.runSuites(TestNG.java:1075)
	at org.testng.TestNG.run(TestNG.java:1047)
	at org.testng.remote.AbstractRemoteTestNG.run(AbstractRemoteTestNG.java:126)
	at org.testng.remote.RemoteTestNG.initAndRun(RemoteTestNG.java:137)
	at org.testng.remote.RemoteTestNG.main(RemoteTestNG.java:58)
]]>
            </full-stacktrace>
          </exception> <!-- org.testng.SkipException -->
          <reporter-output>
          </reporter-output>
        </test-method> <!-- TC_08 -->
        <test-method status="PASS" signature="getCurrentDate()[pri:0, instance:scenarios.GEO.v1.CountryPost@1e2203c]" name="getCurrentDate" is-config="true" duration-ms="1" started-at="2020-06-29T10:05:18Z" finished-at="2020-06-29T10:05:18Z">
          <reporter-output>
          </reporter-output>
        </test-method> <!-- getCurrentDate -->
        <test-method status="PASS" signature="startRepo(java.lang.reflect.Method)[pri:0, instance:scenarios.GEO.v1.CountryPost@1e2203c]" name="startRepo" is-config="true" duration-ms="328" started-at="2020-06-29T10:05:18Z" finished-at="2020-06-29T10:05:18Z">
          <params>
            <param index="0">
              <value>
                <![CDATA[public void scenarios.GEO.v1.CountryPost.TC_09()]]>
              </value>
            </param>
          </params>
          <reporter-output>
          </reporter-output>
        </test-method> <!-- startRepo -->
        <test-method status="PASS" signature="getCurrentDate()[pri:0, instance:scenarios.GEO.v1.CountryPost@1e2203c]" name="getCurrentDate" is-config="true" duration-ms="0" started-at="2020-06-29T10:05:18Z" finished-at="2020-06-29T10:05:18Z">
          <reporter-output>
          </reporter-output>
        </test-method> <!-- getCurrentDate -->
        <test-method status="SKIP" signature="TC_09()[pri:2, instance:scenarios.GEO.v1.CountryPost@1e2203c]" name="TC_09" duration-ms="0" started-at="2020-06-29T10:05:18Z" finished-at="2020-06-29T10:05:18Z">
          <exception class="org.testng.SkipException">
            <message>
              <![CDATA[Execution skipped as per test flag set]]>
            </message>
            <full-stacktrace>
              <![CDATA[org.testng.SkipException: Execution skipped as per test flag set
	at scenarios.GEO.v1.CountryPost.TC_09(CountryPost.java:2870)
	at sun.reflect.NativeMethodAccessorImpl.invoke0(Native Method)
	at sun.reflect.NativeMethodAccessorImpl.invoke(Unknown Source)
	at sun.reflect.DelegatingMethodAccessorImpl.invoke(Unknown Source)
	at java.lang.reflect.Method.invoke(Unknown Source)
	at org.testng.internal.MethodInvocationHelper.invokeMethod(MethodInvocationHelper.java:86)
	at org.testng.internal.Invoker.invokeMethod(Invoker.java:646)
	at org.testng.internal.Invoker.invokeTestMethod(Invoker.java:823)
	at org.testng.internal.Invoker.invokeTestMethods(Invoker.java:1131)
	at org.testng.internal.TestMethodWorker.invokeTestMethods(TestMethodWorker.java:129)
	at org.testng.internal.TestMethodWorker.run(TestMethodWorker.java:112)
	at org.testng.TestRunner.privateRun(TestRunner.java:778)
	at org.testng.TestRunner.run(TestRunner.java:632)
	at org.testng.SuiteRunner.runTest(SuiteRunner.java:366)
	at org.testng.SuiteRunner.runSequentially(SuiteRunner.java:361)
	at org.testng.SuiteRunner.privateRun(SuiteRunner.java:319)
	at org.testng.SuiteRunner.run(SuiteRunner.java:268)
	at org.testng.SuiteRunnerWorker.runSuite(SuiteRunnerWorker.java:52)
	at org.testng.SuiteRunnerWorker.run(SuiteRunnerWorker.java:86)
	at org.testng.TestNG.runSuitesSequentially(TestNG.java:1225)
	at org.testng.TestNG.runSuitesLocally(TestNG.java:1150)
	at org.testng.TestNG.runSuites(TestNG.java:1075)
	at org.testng.TestNG.run(TestNG.java:1047)
	at org.testng.remote.AbstractRemoteTestNG.run(AbstractRemoteTestNG.java:126)
	at org.testng.remote.RemoteTestNG.initAndRun(RemoteTestNG.java:137)
	at org.testng.remote.RemoteTestNG.main(RemoteTestNG.java:58)
]]>
            </full-stacktrace>
          </exception> <!-- org.testng.SkipException -->
          <reporter-output>
          </reporter-output>
        </test-method> <!-- TC_09 -->
        <test-method status="PASS" signature="startRepo(java.lang.reflect.Method)[pri:0, instance:scenarios.GEO.v1.CountryPost@1e2203c]" name="startRepo" is-config="true" duration-ms="468" started-at="2020-06-29T10:05:18Z" finished-at="2020-06-29T10:05:19Z">
          <params>
            <param index="0">
              <value>
                <![CDATA[public void scenarios.GEO.v1.CountryPost.TC_10()]]>
              </value>
            </param>
          </params>
          <reporter-output>
          </reporter-output>
        </test-method> <!-- startRepo -->
        <test-method status="SKIP" signature="TC_10()[pri:2, instance:scenarios.GEO.v1.CountryPost@1e2203c]" name="TC_10" duration-ms="0" started-at="2020-06-29T10:05:19Z" finished-at="2020-06-29T10:05:19Z">
          <exception class="org.testng.SkipException">
            <message>
              <![CDATA[Execution skipped as per test flag set]]>
            </message>
            <full-stacktrace>
              <![CDATA[org.testng.SkipException: Execution skipped as per test flag set
	at scenarios.GEO.v1.CountryPost.TC_10(CountryPost.java:3275)
	at sun.reflect.NativeMethodAccessorImpl.invoke0(Native Method)
	at sun.reflect.NativeMethodAccessorImpl.invoke(Unknown Source)
	at sun.reflect.DelegatingMethodAccessorImpl.invoke(Unknown Source)
	at java.lang.reflect.Method.invoke(Unknown Source)
	at org.testng.internal.MethodInvocationHelper.invokeMethod(MethodInvocationHelper.java:86)
	at org.testng.internal.Invoker.invokeMethod(Invoker.java:646)
	at org.testng.internal.Invoker.invokeTestMethod(Invoker.java:823)
	at org.testng.internal.Invoker.invokeTestMethods(Invoker.java:1131)
	at org.testng.internal.TestMethodWorker.invokeTestMethods(TestMethodWorker.java:129)
	at org.testng.internal.TestMethodWorker.run(TestMethodWorker.java:112)
	at org.testng.TestRunner.privateRun(TestRunner.java:778)
	at org.testng.TestRunner.run(TestRunner.java:632)
	at org.testng.SuiteRunner.runTest(SuiteRunner.java:366)
	at org.testng.SuiteRunner.runSequentially(SuiteRunner.java:361)
	at org.testng.SuiteRunner.privateRun(SuiteRunner.java:319)
	at org.testng.SuiteRunner.run(SuiteRunner.java:268)
	at org.testng.SuiteRunnerWorker.runSuite(SuiteRunnerWorker.java:52)
	at org.testng.SuiteRunnerWorker.run(SuiteRunnerWorker.java:86)
	at org.testng.TestNG.runSuitesSequentially(TestNG.java:1225)
	at org.testng.TestNG.runSuitesLocally(TestNG.java:1150)
	at org.testng.TestNG.runSuites(TestNG.java:1075)
	at org.testng.TestNG.run(TestNG.java:1047)
	at org.testng.remote.AbstractRemoteTestNG.run(AbstractRemoteTestNG.java:126)
	at org.testng.remote.RemoteTestNG.initAndRun(RemoteTestNG.java:137)
	at org.testng.remote.RemoteTestNG.main(RemoteTestNG.java:58)
]]>
            </full-stacktrace>
          </exception> <!-- org.testng.SkipException -->
          <reporter-output>
          </reporter-output>
        </test-method> <!-- TC_10 -->
        <test-method status="PASS" signature="getCurrentDate()[pri:0, instance:scenarios.GEO.v1.CountryPost@1e2203c]" name="getCurrentDate" is-config="true" duration-ms="0" started-at="2020-06-29T10:05:19Z" finished-at="2020-06-29T10:05:19Z">
          <reporter-output>
          </reporter-output>
        </test-method> <!-- getCurrentDate -->
        <test-method status="PASS" signature="startRepo(java.lang.reflect.Method)[pri:0, instance:scenarios.GEO.v1.CountryPost@1e2203c]" name="startRepo" is-config="true" duration-ms="423" started-at="2020-06-29T10:05:19Z" finished-at="2020-06-29T10:05:19Z">
          <params>
            <param index="0">
              <value>
                <![CDATA[public void scenarios.GEO.v1.CountryPost.TC_11()]]>
              </value>
            </param>
          </params>
          <reporter-output>
          </reporter-output>
        </test-method> <!-- startRepo -->
        <test-method status="SKIP" signature="TC_11()[pri:2, instance:scenarios.GEO.v1.CountryPost@1e2203c]" name="TC_11" duration-ms="0" started-at="2020-06-29T10:05:19Z" finished-at="2020-06-29T10:05:19Z">
          <exception class="org.testng.SkipException">
            <message>
              <![CDATA[Execution skipped as per test flag set]]>
            </message>
            <full-stacktrace>
              <![CDATA[org.testng.SkipException: Execution skipped as per test flag set
	at scenarios.GEO.v1.CountryPost.TC_11(CountryPost.java:3680)
	at sun.reflect.NativeMethodAccessorImpl.invoke0(Native Method)
	at sun.reflect.NativeMethodAccessorImpl.invoke(Unknown Source)
	at sun.reflect.DelegatingMethodAccessorImpl.invoke(Unknown Source)
	at java.lang.reflect.Method.invoke(Unknown Source)
	at org.testng.internal.MethodInvocationHelper.invokeMethod(MethodInvocationHelper.java:86)
	at org.testng.internal.Invoker.invokeMethod(Invoker.java:646)
	at org.testng.internal.Invoker.invokeTestMethod(Invoker.java:823)
	at org.testng.internal.Invoker.invokeTestMethods(Invoker.java:1131)
	at org.testng.internal.TestMethodWorker.invokeTestMethods(TestMethodWorker.java:129)
	at org.testng.internal.TestMethodWorker.run(TestMethodWorker.java:112)
	at org.testng.TestRunner.privateRun(TestRunner.java:778)
	at org.testng.TestRunner.run(TestRunner.java:632)
	at org.testng.SuiteRunner.runTest(SuiteRunner.java:366)
	at org.testng.SuiteRunner.runSequentially(SuiteRunner.java:361)
	at org.testng.SuiteRunner.privateRun(SuiteRunner.java:319)
	at org.testng.SuiteRunner.run(SuiteRunner.java:268)
	at org.testng.SuiteRunnerWorker.runSuite(SuiteRunnerWorker.java:52)
	at org.testng.SuiteRunnerWorker.run(SuiteRunnerWorker.java:86)
	at org.testng.TestNG.runSuitesSequentially(TestNG.java:1225)
	at org.testng.TestNG.runSuitesLocally(TestNG.java:1150)
	at org.testng.TestNG.runSuites(TestNG.java:1075)
	at org.testng.TestNG.run(TestNG.java:1047)
	at org.testng.remote.AbstractRemoteTestNG.run(AbstractRemoteTestNG.java:126)
	at org.testng.remote.RemoteTestNG.initAndRun(RemoteTestNG.java:137)
	at org.testng.remote.RemoteTestNG.main(RemoteTestNG.java:58)
]]>
            </full-stacktrace>
          </exception> <!-- org.testng.SkipException -->
          <reporter-output>
          </reporter-output>
        </test-method> <!-- TC_11 -->
        <test-method status="PASS" signature="getCurrentDate()[pri:0, instance:scenarios.GEO.v1.CountryPost@1e2203c]" name="getCurrentDate" is-config="true" duration-ms="0" started-at="2020-06-29T10:05:19Z" finished-at="2020-06-29T10:05:19Z">
          <reporter-output>
          </reporter-output>
        </test-method> <!-- getCurrentDate -->
        <test-method status="PASS" signature="startRepo(java.lang.reflect.Method)[pri:0, instance:scenarios.GEO.v1.CountryPost@1e2203c]" name="startRepo" is-config="true" duration-ms="483" started-at="2020-06-29T10:05:19Z" finished-at="2020-06-29T10:05:20Z">
          <params>
            <param index="0">
              <value>
                <![CDATA[public void scenarios.GEO.v1.CountryPost.TC_117()]]>
              </value>
            </param>
          </params>
          <reporter-output>
          </reporter-output>
        </test-method> <!-- startRepo -->
        <test-method status="SKIP" signature="TC_117()[pri:2, instance:scenarios.GEO.v1.CountryPost@1e2203c]" name="TC_117" duration-ms="0" started-at="2020-06-29T10:05:20Z" finished-at="2020-06-29T10:05:20Z">
          <exception class="org.testng.SkipException">
            <message>
              <![CDATA[Execution skipped as per test flag set]]>
            </message>
            <full-stacktrace>
              <![CDATA[org.testng.SkipException: Execution skipped as per test flag set
	at scenarios.GEO.v1.CountryPost.TC_117(CountryPost.java:39695)
	at sun.reflect.NativeMethodAccessorImpl.invoke0(Native Method)
	at sun.reflect.NativeMethodAccessorImpl.invoke(Unknown Source)
	at sun.reflect.DelegatingMethodAccessorImpl.invoke(Unknown Source)
	at java.lang.reflect.Method.invoke(Unknown Source)
	at org.testng.internal.MethodInvocationHelper.invokeMethod(MethodInvocationHelper.java:86)
	at org.testng.internal.Invoker.invokeMethod(Invoker.java:646)
	at org.testng.internal.Invoker.invokeTestMethod(Invoker.java:823)
	at org.testng.internal.Invoker.invokeTestMethods(Invoker.java:1131)
	at org.testng.internal.TestMethodWorker.invokeTestMethods(TestMethodWorker.java:129)
	at org.testng.internal.TestMethodWorker.run(TestMethodWorker.java:112)
	at org.testng.TestRunner.privateRun(TestRunner.java:778)
	at org.testng.TestRunner.run(TestRunner.java:632)
	at org.testng.SuiteRunner.runTest(SuiteRunner.java:366)
	at org.testng.SuiteRunner.runSequentially(SuiteRunner.java:361)
	at org.testng.SuiteRunner.privateRun(SuiteRunner.java:319)
	at org.testng.SuiteRunner.run(SuiteRunner.java:268)
	at org.testng.SuiteRunnerWorker.runSuite(SuiteRunnerWorker.java:52)
	at org.testng.SuiteRunnerWorker.run(SuiteRunnerWorker.java:86)
	at org.testng.TestNG.runSuitesSequentially(TestNG.java:1225)
	at org.testng.TestNG.runSuitesLocally(TestNG.java:1150)
	at org.testng.TestNG.runSuites(TestNG.java:1075)
	at org.testng.TestNG.run(TestNG.java:1047)
	at org.testng.remote.AbstractRemoteTestNG.run(AbstractRemoteTestNG.java:126)
	at org.testng.remote.RemoteTestNG.initAndRun(RemoteTestNG.java:137)
	at org.testng.remote.RemoteTestNG.main(RemoteTestNG.java:58)
]]>
            </full-stacktrace>
          </exception> <!-- org.testng.SkipException -->
          <reporter-output>
          </reporter-output>
        </test-method> <!-- TC_117 -->
        <test-method status="PASS" signature="getCurrentDate()[pri:0, instance:scenarios.GEO.v1.CountryPost@1e2203c]" name="getCurrentDate" is-config="true" duration-ms="0" started-at="2020-06-29T10:05:20Z" finished-at="2020-06-29T10:05:20Z">
          <reporter-output>
          </reporter-output>
        </test-method> <!-- getCurrentDate -->
        <test-method status="PASS" signature="startRepo(java.lang.reflect.Method)[pri:0, instance:scenarios.GEO.v1.CountryPost@1e2203c]" name="startRepo" is-config="true" duration-ms="359" started-at="2020-06-29T10:05:20Z" finished-at="2020-06-29T10:05:20Z">
          <params>
            <param index="0">
              <value>
                <![CDATA[public void scenarios.GEO.v1.CountryPost.TC_118()]]>
              </value>
            </param>
          </params>
          <reporter-output>
          </reporter-output>
        </test-method> <!-- startRepo -->
        <test-method status="SKIP" signature="TC_118()[pri:2, instance:scenarios.GEO.v1.CountryPost@1e2203c]" name="TC_118" duration-ms="16" started-at="2020-06-29T10:05:20Z" finished-at="2020-06-29T10:05:20Z">
          <exception class="org.testng.SkipException">
            <message>
              <![CDATA[Execution skipped as per test flag set]]>
            </message>
            <full-stacktrace>
              <![CDATA[org.testng.SkipException: Execution skipped as per test flag set
	at scenarios.GEO.v1.CountryPost.TC_118(CountryPost.java:39865)
	at sun.reflect.NativeMethodAccessorImpl.invoke0(Native Method)
	at sun.reflect.NativeMethodAccessorImpl.invoke(Unknown Source)
	at sun.reflect.DelegatingMethodAccessorImpl.invoke(Unknown Source)
	at java.lang.reflect.Method.invoke(Unknown Source)
	at org.testng.internal.MethodInvocationHelper.invokeMethod(MethodInvocationHelper.java:86)
	at org.testng.internal.Invoker.invokeMethod(Invoker.java:646)
	at org.testng.internal.Invoker.invokeTestMethod(Invoker.java:823)
	at org.testng.internal.Invoker.invokeTestMethods(Invoker.java:1131)
	at org.testng.internal.TestMethodWorker.invokeTestMethods(TestMethodWorker.java:129)
	at org.testng.internal.TestMethodWorker.run(TestMethodWorker.java:112)
	at org.testng.TestRunner.privateRun(TestRunner.java:778)
	at org.testng.TestRunner.run(TestRunner.java:632)
	at org.testng.SuiteRunner.runTest(SuiteRunner.java:366)
	at org.testng.SuiteRunner.runSequentially(SuiteRunner.java:361)
	at org.testng.SuiteRunner.privateRun(SuiteRunner.java:319)
	at org.testng.SuiteRunner.run(SuiteRunner.java:268)
	at org.testng.SuiteRunnerWorker.runSuite(SuiteRunnerWorker.java:52)
	at org.testng.SuiteRunnerWorker.run(SuiteRunnerWorker.java:86)
	at org.testng.TestNG.runSuitesSequentially(TestNG.java:1225)
	at org.testng.TestNG.runSuitesLocally(TestNG.java:1150)
	at org.testng.TestNG.runSuites(TestNG.java:1075)
	at org.testng.TestNG.run(TestNG.java:1047)
	at org.testng.remote.AbstractRemoteTestNG.run(AbstractRemoteTestNG.java:126)
	at org.testng.remote.RemoteTestNG.initAndRun(RemoteTestNG.java:137)
	at org.testng.remote.RemoteTestNG.main(RemoteTestNG.java:58)
]]>
            </full-stacktrace>
          </exception> <!-- org.testng.SkipException -->
          <reporter-output>
          </reporter-output>
        </test-method> <!-- TC_118 -->
        <test-method status="PASS" signature="startRepo(java.lang.reflect.Method)[pri:0, instance:scenarios.GEO.v1.CountryPost@1e2203c]" name="startRepo" is-config="true" duration-ms="527" started-at="2020-06-29T10:05:20Z" finished-at="2020-06-29T10:05:21Z">
          <params>
            <param index="0">
              <value>
                <![CDATA[public void scenarios.GEO.v1.CountryPost.TC_119()]]>
              </value>
            </param>
          </params>
          <reporter-output>
          </reporter-output>
        </test-method> <!-- startRepo -->
        <test-method status="PASS" signature="getCurrentDate()[pri:0, instance:scenarios.GEO.v1.CountryPost@1e2203c]" name="getCurrentDate" is-config="true" duration-ms="0" started-at="2020-06-29T10:05:20Z" finished-at="2020-06-29T10:05:20Z">
          <reporter-output>
          </reporter-output>
        </test-method> <!-- getCurrentDate -->
        <test-method status="SKIP" signature="TC_119()[pri:2, instance:scenarios.GEO.v1.CountryPost@1e2203c]" name="TC_119" duration-ms="3" started-at="2020-06-29T10:05:21Z" finished-at="2020-06-29T10:05:21Z">
          <exception class="org.testng.SkipException">
            <message>
              <![CDATA[Execution skipped as per test flag set]]>
            </message>
            <full-stacktrace>
              <![CDATA[org.testng.SkipException: Execution skipped as per test flag set
	at scenarios.GEO.v1.CountryPost.TC_119(CountryPost.java:40038)
	at sun.reflect.NativeMethodAccessorImpl.invoke0(Native Method)
	at sun.reflect.NativeMethodAccessorImpl.invoke(Unknown Source)
	at sun.reflect.DelegatingMethodAccessorImpl.invoke(Unknown Source)
	at java.lang.reflect.Method.invoke(Unknown Source)
	at org.testng.internal.MethodInvocationHelper.invokeMethod(MethodInvocationHelper.java:86)
	at org.testng.internal.Invoker.invokeMethod(Invoker.java:646)
	at org.testng.internal.Invoker.invokeTestMethod(Invoker.java:823)
	at org.testng.internal.Invoker.invokeTestMethods(Invoker.java:1131)
	at org.testng.internal.TestMethodWorker.invokeTestMethods(TestMethodWorker.java:129)
	at org.testng.internal.TestMethodWorker.run(TestMethodWorker.java:112)
	at org.testng.TestRunner.privateRun(TestRunner.java:778)
	at org.testng.TestRunner.run(TestRunner.java:632)
	at org.testng.SuiteRunner.runTest(SuiteRunner.java:366)
	at org.testng.SuiteRunner.runSequentially(SuiteRunner.java:361)
	at org.testng.SuiteRunner.privateRun(SuiteRunner.java:319)
	at org.testng.SuiteRunner.run(SuiteRunner.java:268)
	at org.testng.SuiteRunnerWorker.runSuite(SuiteRunnerWorker.java:52)
	at org.testng.SuiteRunnerWorker.run(SuiteRunnerWorker.java:86)
	at org.testng.TestNG.runSuitesSequentially(TestNG.java:1225)
	at org.testng.TestNG.runSuitesLocally(TestNG.java:1150)
	at org.testng.TestNG.runSuites(TestNG.java:1075)
	at org.testng.TestNG.run(TestNG.java:1047)
	at org.testng.remote.AbstractRemoteTestNG.run(AbstractRemoteTestNG.java:126)
	at org.testng.remote.RemoteTestNG.initAndRun(RemoteTestNG.java:137)
	at org.testng.remote.RemoteTestNG.main(RemoteTestNG.java:58)
]]>
            </full-stacktrace>
          </exception> <!-- org.testng.SkipException -->
          <reporter-output>
          </reporter-output>
        </test-method> <!-- TC_119 -->
        <test-method status="PASS" signature="getCurrentDate()[pri:0, instance:scenarios.GEO.v1.CountryPost@1e2203c]" name="getCurrentDate" is-config="true" duration-ms="0" started-at="2020-06-29T10:05:21Z" finished-at="2020-06-29T10:05:21Z">
          <reporter-output>
          </reporter-output>
        </test-method> <!-- getCurrentDate -->
        <test-method status="PASS" signature="startRepo(java.lang.reflect.Method)[pri:0, instance:scenarios.GEO.v1.CountryPost@1e2203c]" name="startRepo" is-config="true" duration-ms="354" started-at="2020-06-29T10:05:21Z" finished-at="2020-06-29T10:05:21Z">
          <params>
            <param index="0">
              <value>
                <![CDATA[public void scenarios.GEO.v1.CountryPost.TC_12()]]>
              </value>
            </param>
          </params>
          <reporter-output>
          </reporter-output>
        </test-method> <!-- startRepo -->
        <test-method status="SKIP" signature="TC_12()[pri:2, instance:scenarios.GEO.v1.CountryPost@1e2203c]" name="TC_12" duration-ms="4" started-at="2020-06-29T10:05:21Z" finished-at="2020-06-29T10:05:21Z">
          <exception class="org.testng.SkipException">
            <message>
              <![CDATA[Execution skipped as per test flag set]]>
            </message>
            <full-stacktrace>
              <![CDATA[org.testng.SkipException: Execution skipped as per test flag set
	at scenarios.GEO.v1.CountryPost.TC_12(CountryPost.java:4085)
	at sun.reflect.NativeMethodAccessorImpl.invoke0(Native Method)
	at sun.reflect.NativeMethodAccessorImpl.invoke(Unknown Source)
	at sun.reflect.DelegatingMethodAccessorImpl.invoke(Unknown Source)
	at java.lang.reflect.Method.invoke(Unknown Source)
	at org.testng.internal.MethodInvocationHelper.invokeMethod(MethodInvocationHelper.java:86)
	at org.testng.internal.Invoker.invokeMethod(Invoker.java:646)
	at org.testng.internal.Invoker.invokeTestMethod(Invoker.java:823)
	at org.testng.internal.Invoker.invokeTestMethods(Invoker.java:1131)
	at org.testng.internal.TestMethodWorker.invokeTestMethods(TestMethodWorker.java:129)
	at org.testng.internal.TestMethodWorker.run(TestMethodWorker.java:112)
	at org.testng.TestRunner.privateRun(TestRunner.java:778)
	at org.testng.TestRunner.run(TestRunner.java:632)
	at org.testng.SuiteRunner.runTest(SuiteRunner.java:366)
	at org.testng.SuiteRunner.runSequentially(SuiteRunner.java:361)
	at org.testng.SuiteRunner.privateRun(SuiteRunner.java:319)
	at org.testng.SuiteRunner.run(SuiteRunner.java:268)
	at org.testng.SuiteRunnerWorker.runSuite(SuiteRunnerWorker.java:52)
	at org.testng.SuiteRunnerWorker.run(SuiteRunnerWorker.java:86)
	at org.testng.TestNG.runSuitesSequentially(TestNG.java:1225)
	at org.testng.TestNG.runSuitesLocally(TestNG.java:1150)
	at org.testng.TestNG.runSuites(TestNG.java:1075)
	at org.testng.TestNG.run(TestNG.java:1047)
	at org.testng.remote.AbstractRemoteTestNG.run(AbstractRemoteTestNG.java:126)
	at org.testng.remote.RemoteTestNG.initAndRun(RemoteTestNG.java:137)
	at org.testng.remote.RemoteTestNG.main(RemoteTestNG.java:58)
]]>
            </full-stacktrace>
          </exception> <!-- org.testng.SkipException -->
          <reporter-output>
          </reporter-output>
        </test-method> <!-- TC_12 -->
        <test-method status="PASS" signature="getCurrentDate()[pri:0, instance:scenarios.GEO.v1.CountryPost@1e2203c]" name="getCurrentDate" is-config="true" duration-ms="1" started-at="2020-06-29T10:05:21Z" finished-at="2020-06-29T10:05:21Z">
          <reporter-output>
          </reporter-output>
        </test-method> <!-- getCurrentDate -->
        <test-method status="PASS" signature="startRepo(java.lang.reflect.Method)[pri:0, instance:scenarios.GEO.v1.CountryPost@1e2203c]" name="startRepo" is-config="true" duration-ms="475" started-at="2020-06-29T10:05:21Z" finished-at="2020-06-29T10:05:21Z">
          <params>
            <param index="0">
              <value>
                <![CDATA[public void scenarios.GEO.v1.CountryPost.TC_13()]]>
              </value>
            </param>
          </params>
          <reporter-output>
          </reporter-output>
        </test-method> <!-- startRepo -->
        <test-method status="SKIP" signature="TC_13()[pri:2, instance:scenarios.GEO.v1.CountryPost@1e2203c]" name="TC_13" duration-ms="0" started-at="2020-06-29T10:05:21Z" finished-at="2020-06-29T10:05:21Z">
          <exception class="org.testng.SkipException">
            <message>
              <![CDATA[Execution skipped as per test flag set]]>
            </message>
            <full-stacktrace>
              <![CDATA[org.testng.SkipException: Execution skipped as per test flag set
	at scenarios.GEO.v1.CountryPost.TC_13(CountryPost.java:4490)
	at sun.reflect.NativeMethodAccessorImpl.invoke0(Native Method)
	at sun.reflect.NativeMethodAccessorImpl.invoke(Unknown Source)
	at sun.reflect.DelegatingMethodAccessorImpl.invoke(Unknown Source)
	at java.lang.reflect.Method.invoke(Unknown Source)
	at org.testng.internal.MethodInvocationHelper.invokeMethod(MethodInvocationHelper.java:86)
	at org.testng.internal.Invoker.invokeMethod(Invoker.java:646)
	at org.testng.internal.Invoker.invokeTestMethod(Invoker.java:823)
	at org.testng.internal.Invoker.invokeTestMethods(Invoker.java:1131)
	at org.testng.internal.TestMethodWorker.invokeTestMethods(TestMethodWorker.java:129)
	at org.testng.internal.TestMethodWorker.run(TestMethodWorker.java:112)
	at org.testng.TestRunner.privateRun(TestRunner.java:778)
	at org.testng.TestRunner.run(TestRunner.java:632)
	at org.testng.SuiteRunner.runTest(SuiteRunner.java:366)
	at org.testng.SuiteRunner.runSequentially(SuiteRunner.java:361)
	at org.testng.SuiteRunner.privateRun(SuiteRunner.java:319)
	at org.testng.SuiteRunner.run(SuiteRunner.java:268)
	at org.testng.SuiteRunnerWorker.runSuite(SuiteRunnerWorker.java:52)
	at org.testng.SuiteRunnerWorker.run(SuiteRunnerWorker.java:86)
	at org.testng.TestNG.runSuitesSequentially(TestNG.java:1225)
	at org.testng.TestNG.runSuitesLocally(TestNG.java:1150)
	at org.testng.TestNG.runSuites(TestNG.java:1075)
	at org.testng.TestNG.run(TestNG.java:1047)
	at org.testng.remote.AbstractRemoteTestNG.run(AbstractRemoteTestNG.java:126)
	at org.testng.remote.RemoteTestNG.initAndRun(RemoteTestNG.java:137)
	at org.testng.remote.RemoteTestNG.main(RemoteTestNG.java:58)
]]>
            </full-stacktrace>
          </exception> <!-- org.testng.SkipException -->
          <reporter-output>
          </reporter-output>
        </test-method> <!-- TC_13 -->
        <test-method status="PASS" signature="startRepo(java.lang.reflect.Method)[pri:0, instance:scenarios.GEO.v1.CountryPost@1e2203c]" name="startRepo" is-config="true" duration-ms="483" started-at="2020-06-29T10:05:21Z" finished-at="2020-06-29T10:05:22Z">
          <params>
            <param index="0">
              <value>
                <![CDATA[public void scenarios.GEO.v1.CountryPost.TC_14()]]>
              </value>
            </param>
          </params>
          <reporter-output>
          </reporter-output>
        </test-method> <!-- startRepo -->
        <test-method status="PASS" signature="getCurrentDate()[pri:0, instance:scenarios.GEO.v1.CountryPost@1e2203c]" name="getCurrentDate" is-config="true" duration-ms="0" started-at="2020-06-29T10:05:21Z" finished-at="2020-06-29T10:05:21Z">
          <reporter-output>
          </reporter-output>
        </test-method> <!-- getCurrentDate -->
        <test-method status="PASS" signature="startRepo(java.lang.reflect.Method)[pri:0, instance:scenarios.GEO.v1.CountryPost@1e2203c]" name="startRepo" is-config="true" duration-ms="500" started-at="2020-06-29T10:05:22Z" finished-at="2020-06-29T10:05:22Z">
          <params>
            <param index="0">
              <value>
                <![CDATA[public void scenarios.GEO.v1.CountryPost.TC_15()]]>
              </value>
            </param>
          </params>
          <reporter-output>
          </reporter-output>
        </test-method> <!-- startRepo -->
        <test-method status="SKIP" signature="TC_14()[pri:2, instance:scenarios.GEO.v1.CountryPost@1e2203c]" name="TC_14" duration-ms="0" started-at="2020-06-29T10:05:22Z" finished-at="2020-06-29T10:05:22Z">
          <exception class="org.testng.SkipException">
            <message>
              <![CDATA[Execution skipped as per test flag set]]>
            </message>
            <full-stacktrace>
              <![CDATA[org.testng.SkipException: Execution skipped as per test flag set
	at scenarios.GEO.v1.CountryPost.TC_14(CountryPost.java:4897)
	at sun.reflect.NativeMethodAccessorImpl.invoke0(Native Method)
	at sun.reflect.NativeMethodAccessorImpl.invoke(Unknown Source)
	at sun.reflect.DelegatingMethodAccessorImpl.invoke(Unknown Source)
	at java.lang.reflect.Method.invoke(Unknown Source)
	at org.testng.internal.MethodInvocationHelper.invokeMethod(MethodInvocationHelper.java:86)
	at org.testng.internal.Invoker.invokeMethod(Invoker.java:646)
	at org.testng.internal.Invoker.invokeTestMethod(Invoker.java:823)
	at org.testng.internal.Invoker.invokeTestMethods(Invoker.java:1131)
	at org.testng.internal.TestMethodWorker.invokeTestMethods(TestMethodWorker.java:129)
	at org.testng.internal.TestMethodWorker.run(TestMethodWorker.java:112)
	at org.testng.TestRunner.privateRun(TestRunner.java:778)
	at org.testng.TestRunner.run(TestRunner.java:632)
	at org.testng.SuiteRunner.runTest(SuiteRunner.java:366)
	at org.testng.SuiteRunner.runSequentially(SuiteRunner.java:361)
	at org.testng.SuiteRunner.privateRun(SuiteRunner.java:319)
	at org.testng.SuiteRunner.run(SuiteRunner.java:268)
	at org.testng.SuiteRunnerWorker.runSuite(SuiteRunnerWorker.java:52)
	at org.testng.SuiteRunnerWorker.run(SuiteRunnerWorker.java:86)
	at org.testng.TestNG.runSuitesSequentially(TestNG.java:1225)
	at org.testng.TestNG.runSuitesLocally(TestNG.java:1150)
	at org.testng.TestNG.runSuites(TestNG.java:1075)
	at org.testng.TestNG.run(TestNG.java:1047)
	at org.testng.remote.AbstractRemoteTestNG.run(AbstractRemoteTestNG.java:126)
	at org.testng.remote.RemoteTestNG.initAndRun(RemoteTestNG.java:137)
	at org.testng.remote.RemoteTestNG.main(RemoteTestNG.java:58)
]]>
            </full-stacktrace>
          </exception> <!-- org.testng.SkipException -->
          <reporter-output>
          </reporter-output>
        </test-method> <!-- TC_14 -->
        <test-method status="PASS" signature="getCurrentDate()[pri:0, instance:scenarios.GEO.v1.CountryPost@1e2203c]" name="getCurrentDate" is-config="true" duration-ms="0" started-at="2020-06-29T10:05:22Z" finished-at="2020-06-29T10:05:22Z">
          <reporter-output>
          </reporter-output>
        </test-method> <!-- getCurrentDate -->
        <test-method status="SKIP" signature="TC_15()[pri:2, instance:scenarios.GEO.v1.CountryPost@1e2203c]" name="TC_15" duration-ms="0" started-at="2020-06-29T10:05:22Z" finished-at="2020-06-29T10:05:22Z">
          <exception class="org.testng.SkipException">
            <message>
              <![CDATA[Execution skipped as per test flag set]]>
            </message>
            <full-stacktrace>
              <![CDATA[org.testng.SkipException: Execution skipped as per test flag set
	at scenarios.GEO.v1.CountryPost.TC_15(CountryPost.java:5337)
	at sun.reflect.NativeMethodAccessorImpl.invoke0(Native Method)
	at sun.reflect.NativeMethodAccessorImpl.invoke(Unknown Source)
	at sun.reflect.DelegatingMethodAccessorImpl.invoke(Unknown Source)
	at java.lang.reflect.Method.invoke(Unknown Source)
	at org.testng.internal.MethodInvocationHelper.invokeMethod(MethodInvocationHelper.java:86)
	at org.testng.internal.Invoker.invokeMethod(Invoker.java:646)
	at org.testng.internal.Invoker.invokeTestMethod(Invoker.java:823)
	at org.testng.internal.Invoker.invokeTestMethods(Invoker.java:1131)
	at org.testng.internal.TestMethodWorker.invokeTestMethods(TestMethodWorker.java:129)
	at org.testng.internal.TestMethodWorker.run(TestMethodWorker.java:112)
	at org.testng.TestRunner.privateRun(TestRunner.java:778)
	at org.testng.TestRunner.run(TestRunner.java:632)
	at org.testng.SuiteRunner.runTest(SuiteRunner.java:366)
	at org.testng.SuiteRunner.runSequentially(SuiteRunner.java:361)
	at org.testng.SuiteRunner.privateRun(SuiteRunner.java:319)
	at org.testng.SuiteRunner.run(SuiteRunner.java:268)
	at org.testng.SuiteRunnerWorker.runSuite(SuiteRunnerWorker.java:52)
	at org.testng.SuiteRunnerWorker.run(SuiteRunnerWorker.java:86)
	at org.testng.TestNG.runSuitesSequentially(TestNG.java:1225)
	at org.testng.TestNG.runSuitesLocally(TestNG.java:1150)
	at org.testng.TestNG.runSuites(TestNG.java:1075)
	at org.testng.TestNG.run(TestNG.java:1047)
	at org.testng.remote.AbstractRemoteTestNG.run(AbstractRemoteTestNG.java:126)
	at org.testng.remote.RemoteTestNG.initAndRun(RemoteTestNG.java:137)
	at org.testng.remote.RemoteTestNG.main(RemoteTestNG.java:58)
]]>
            </full-stacktrace>
          </exception> <!-- org.testng.SkipException -->
          <reporter-output>
          </reporter-output>
        </test-method> <!-- TC_15 -->
        <test-method status="PASS" signature="startRepo(java.lang.reflect.Method)[pri:0, instance:scenarios.GEO.v1.CountryPost@1e2203c]" name="startRepo" is-config="true" duration-ms="406" started-at="2020-06-29T10:05:22Z" finished-at="2020-06-29T10:05:23Z">
          <params>
            <param index="0">
              <value>
                <![CDATA[public void scenarios.GEO.v1.CountryPost.TC_16()]]>
              </value>
            </param>
          </params>
          <reporter-output>
          </reporter-output>
        </test-method> <!-- startRepo -->
        <test-method status="PASS" signature="getCurrentDate()[pri:0, instance:scenarios.GEO.v1.CountryPost@1e2203c]" name="getCurrentDate" is-config="true" duration-ms="0" started-at="2020-06-29T10:05:22Z" finished-at="2020-06-29T10:05:22Z">
          <reporter-output>
          </reporter-output>
        </test-method> <!-- getCurrentDate -->
        <test-method status="PASS" signature="TC_16()[pri:2, instance:scenarios.GEO.v1.CountryPost@1e2203c]" name="TC_16" duration-ms="13621" started-at="2020-06-29T10:05:23Z" finished-at="2020-06-29T10:05:36Z">
          <reporter-output>
          </reporter-output>
        </test-method> <!-- TC_16 -->
        <test-method status="PASS" signature="startRepo(java.lang.reflect.Method)[pri:0, instance:scenarios.GEO.v1.CountryPost@1e2203c]" name="startRepo" is-config="true" duration-ms="497" started-at="2020-06-29T10:05:36Z" finished-at="2020-06-29T10:05:37Z">
          <params>
            <param index="0">
              <value>
                <![CDATA[public void scenarios.GEO.v1.CountryPost.TC_17()]]>
              </value>
            </param>
          </params>
          <reporter-output>
          </reporter-output>
        </test-method> <!-- startRepo -->
        <test-method status="PASS" signature="getCurrentDate()[pri:0, instance:scenarios.GEO.v1.CountryPost@1e2203c]" name="getCurrentDate" is-config="true" duration-ms="0" started-at="2020-06-29T10:05:36Z" finished-at="2020-06-29T10:05:36Z">
          <reporter-output>
          </reporter-output>
        </test-method> <!-- getCurrentDate -->
        <test-method status="PASS" signature="getCurrentDate()[pri:0, instance:scenarios.GEO.v1.CountryPost@1e2203c]" name="getCurrentDate" is-config="true" duration-ms="0" started-at="2020-06-29T10:05:37Z" finished-at="2020-06-29T10:05:37Z">
          <reporter-output>
          </reporter-output>
        </test-method> <!-- getCurrentDate -->
        <test-method status="SKIP" signature="TC_17()[pri:2, instance:scenarios.GEO.v1.CountryPost@1e2203c]" name="TC_17" duration-ms="0" started-at="2020-06-29T10:05:37Z" finished-at="2020-06-29T10:05:37Z">
          <exception class="org.testng.SkipException">
            <message>
              <![CDATA[Execution skipped as per test flag set]]>
            </message>
            <full-stacktrace>
              <![CDATA[org.testng.SkipException: Execution skipped as per test flag set
	at scenarios.GEO.v1.CountryPost.TC_17(CountryPost.java:6182)
	at sun.reflect.NativeMethodAccessorImpl.invoke0(Native Method)
	at sun.reflect.NativeMethodAccessorImpl.invoke(Unknown Source)
	at sun.reflect.DelegatingMethodAccessorImpl.invoke(Unknown Source)
	at java.lang.reflect.Method.invoke(Unknown Source)
	at org.testng.internal.MethodInvocationHelper.invokeMethod(MethodInvocationHelper.java:86)
	at org.testng.internal.Invoker.invokeMethod(Invoker.java:646)
	at org.testng.internal.Invoker.invokeTestMethod(Invoker.java:823)
	at org.testng.internal.Invoker.invokeTestMethods(Invoker.java:1131)
	at org.testng.internal.TestMethodWorker.invokeTestMethods(TestMethodWorker.java:129)
	at org.testng.internal.TestMethodWorker.run(TestMethodWorker.java:112)
	at org.testng.TestRunner.privateRun(TestRunner.java:778)
	at org.testng.TestRunner.run(TestRunner.java:632)
	at org.testng.SuiteRunner.runTest(SuiteRunner.java:366)
	at org.testng.SuiteRunner.runSequentially(SuiteRunner.java:361)
	at org.testng.SuiteRunner.privateRun(SuiteRunner.java:319)
	at org.testng.SuiteRunner.run(SuiteRunner.java:268)
	at org.testng.SuiteRunnerWorker.runSuite(SuiteRunnerWorker.java:52)
	at org.testng.SuiteRunnerWorker.run(SuiteRunnerWorker.java:86)
	at org.testng.TestNG.runSuitesSequentially(TestNG.java:1225)
	at org.testng.TestNG.runSuitesLocally(TestNG.java:1150)
	at org.testng.TestNG.runSuites(TestNG.java:1075)
	at org.testng.TestNG.run(TestNG.java:1047)
	at org.testng.remote.AbstractRemoteTestNG.run(AbstractRemoteTestNG.java:126)
	at org.testng.remote.RemoteTestNG.initAndRun(RemoteTestNG.java:137)
	at org.testng.remote.RemoteTestNG.main(RemoteTestNG.java:58)
]]>
            </full-stacktrace>
          </exception> <!-- org.testng.SkipException -->
          <reporter-output>
          </reporter-output>
        </test-method> <!-- TC_17 -->
        <test-method status="PASS" signature="startRepo(java.lang.reflect.Method)[pri:0, instance:scenarios.GEO.v1.CountryPost@1e2203c]" name="startRepo" is-config="true" duration-ms="456" started-at="2020-06-29T10:05:37Z" finished-at="2020-06-29T10:05:37Z">
          <params>
            <param index="0">
              <value>
                <![CDATA[public void scenarios.GEO.v1.CountryPost.TC_18()]]>
              </value>
            </param>
          </params>
          <reporter-output>
          </reporter-output>
        </test-method> <!-- startRepo -->
        <test-method status="SKIP" signature="TC_18()[pri:2, instance:scenarios.GEO.v1.CountryPost@1e2203c]" name="TC_18" duration-ms="5" started-at="2020-06-29T10:05:37Z" finished-at="2020-06-29T10:05:37Z">
          <exception class="org.testng.SkipException">
            <message>
              <![CDATA[Execution skipped as per test flag set]]>
            </message>
            <full-stacktrace>
              <![CDATA[org.testng.SkipException: Execution skipped as per test flag set
	at scenarios.GEO.v1.CountryPost.TC_18(CountryPost.java:6623)
	at sun.reflect.NativeMethodAccessorImpl.invoke0(Native Method)
	at sun.reflect.NativeMethodAccessorImpl.invoke(Unknown Source)
	at sun.reflect.DelegatingMethodAccessorImpl.invoke(Unknown Source)
	at java.lang.reflect.Method.invoke(Unknown Source)
	at org.testng.internal.MethodInvocationHelper.invokeMethod(MethodInvocationHelper.java:86)
	at org.testng.internal.Invoker.invokeMethod(Invoker.java:646)
	at org.testng.internal.Invoker.invokeTestMethod(Invoker.java:823)
	at org.testng.internal.Invoker.invokeTestMethods(Invoker.java:1131)
	at org.testng.internal.TestMethodWorker.invokeTestMethods(TestMethodWorker.java:129)
	at org.testng.internal.TestMethodWorker.run(TestMethodWorker.java:112)
	at org.testng.TestRunner.privateRun(TestRunner.java:778)
	at org.testng.TestRunner.run(TestRunner.java:632)
	at org.testng.SuiteRunner.runTest(SuiteRunner.java:366)
	at org.testng.SuiteRunner.runSequentially(SuiteRunner.java:361)
	at org.testng.SuiteRunner.privateRun(SuiteRunner.java:319)
	at org.testng.SuiteRunner.run(SuiteRunner.java:268)
	at org.testng.SuiteRunnerWorker.runSuite(SuiteRunnerWorker.java:52)
	at org.testng.SuiteRunnerWorker.run(SuiteRunnerWorker.java:86)
	at org.testng.TestNG.runSuitesSequentially(TestNG.java:1225)
	at org.testng.TestNG.runSuitesLocally(TestNG.java:1150)
	at org.testng.TestNG.runSuites(TestNG.java:1075)
	at org.testng.TestNG.run(TestNG.java:1047)
	at org.testng.remote.AbstractRemoteTestNG.run(AbstractRemoteTestNG.java:126)
	at org.testng.remote.RemoteTestNG.initAndRun(RemoteTestNG.java:137)
	at org.testng.remote.RemoteTestNG.main(RemoteTestNG.java:58)
]]>
            </full-stacktrace>
          </exception> <!-- org.testng.SkipException -->
          <reporter-output>
          </reporter-output>
        </test-method> <!-- TC_18 -->
        <test-method status="PASS" signature="getCurrentDate()[pri:0, instance:scenarios.GEO.v1.CountryPost@1e2203c]" name="getCurrentDate" is-config="true" duration-ms="1" started-at="2020-06-29T10:05:37Z" finished-at="2020-06-29T10:05:37Z">
          <reporter-output>
          </reporter-output>
        </test-method> <!-- getCurrentDate -->
        <test-method status="PASS" signature="startRepo(java.lang.reflect.Method)[pri:0, instance:scenarios.GEO.v1.CountryPost@1e2203c]" name="startRepo" is-config="true" duration-ms="460" started-at="2020-06-29T10:05:37Z" finished-at="2020-06-29T10:05:38Z">
          <params>
            <param index="0">
              <value>
                <![CDATA[public void scenarios.GEO.v1.CountryPost.TC_19()]]>
              </value>
            </param>
          </params>
          <reporter-output>
          </reporter-output>
        </test-method> <!-- startRepo -->
        <test-method status="SKIP" signature="TC_19()[pri:2, instance:scenarios.GEO.v1.CountryPost@1e2203c]" name="TC_19" duration-ms="0" started-at="2020-06-29T10:05:38Z" finished-at="2020-06-29T10:05:38Z">
          <exception class="org.testng.SkipException">
            <message>
              <![CDATA[Execution skipped as per test flag set]]>
            </message>
            <full-stacktrace>
              <![CDATA[org.testng.SkipException: Execution skipped as per test flag set
	at scenarios.GEO.v1.CountryPost.TC_19(CountryPost.java:7064)
	at sun.reflect.NativeMethodAccessorImpl.invoke0(Native Method)
	at sun.reflect.NativeMethodAccessorImpl.invoke(Unknown Source)
	at sun.reflect.DelegatingMethodAccessorImpl.invoke(Unknown Source)
	at java.lang.reflect.Method.invoke(Unknown Source)
	at org.testng.internal.MethodInvocationHelper.invokeMethod(MethodInvocationHelper.java:86)
	at org.testng.internal.Invoker.invokeMethod(Invoker.java:646)
	at org.testng.internal.Invoker.invokeTestMethod(Invoker.java:823)
	at org.testng.internal.Invoker.invokeTestMethods(Invoker.java:1131)
	at org.testng.internal.TestMethodWorker.invokeTestMethods(TestMethodWorker.java:129)
	at org.testng.internal.TestMethodWorker.run(TestMethodWorker.java:112)
	at org.testng.TestRunner.privateRun(TestRunner.java:778)
	at org.testng.TestRunner.run(TestRunner.java:632)
	at org.testng.SuiteRunner.runTest(SuiteRunner.java:366)
	at org.testng.SuiteRunner.runSequentially(SuiteRunner.java:361)
	at org.testng.SuiteRunner.privateRun(SuiteRunner.java:319)
	at org.testng.SuiteRunner.run(SuiteRunner.java:268)
	at org.testng.SuiteRunnerWorker.runSuite(SuiteRunnerWorker.java:52)
	at org.testng.SuiteRunnerWorker.run(SuiteRunnerWorker.java:86)
	at org.testng.TestNG.runSuitesSequentially(TestNG.java:1225)
	at org.testng.TestNG.runSuitesLocally(TestNG.java:1150)
	at org.testng.TestNG.runSuites(TestNG.java:1075)
	at org.testng.TestNG.run(TestNG.java:1047)
	at org.testng.remote.AbstractRemoteTestNG.run(AbstractRemoteTestNG.java:126)
	at org.testng.remote.RemoteTestNG.initAndRun(RemoteTestNG.java:137)
	at org.testng.remote.RemoteTestNG.main(RemoteTestNG.java:58)
]]>
            </full-stacktrace>
          </exception> <!-- org.testng.SkipException -->
          <reporter-output>
          </reporter-output>
        </test-method> <!-- TC_19 -->
        <test-method status="PASS" signature="startRepo(java.lang.reflect.Method)[pri:0, instance:scenarios.GEO.v1.CountryPost@1e2203c]" name="startRepo" is-config="true" duration-ms="375" started-at="2020-06-29T10:05:38Z" finished-at="2020-06-29T10:05:38Z">
          <params>
            <param index="0">
              <value>
                <![CDATA[public void scenarios.GEO.v1.CountryPost.TC_20()]]>
              </value>
            </param>
          </params>
          <reporter-output>
          </reporter-output>
        </test-method> <!-- startRepo -->
        <test-method status="PASS" signature="getCurrentDate()[pri:0, instance:scenarios.GEO.v1.CountryPost@1e2203c]" name="getCurrentDate" is-config="true" duration-ms="0" started-at="2020-06-29T10:05:38Z" finished-at="2020-06-29T10:05:38Z">
          <reporter-output>
          </reporter-output>
        </test-method> <!-- getCurrentDate -->
        <test-method status="SKIP" signature="TC_20()[pri:2, instance:scenarios.GEO.v1.CountryPost@1e2203c]" name="TC_20" duration-ms="0" started-at="2020-06-29T10:05:38Z" finished-at="2020-06-29T10:05:38Z">
          <exception class="org.testng.SkipException">
            <message>
              <![CDATA[Execution skipped as per test flag set]]>
            </message>
            <full-stacktrace>
              <![CDATA[org.testng.SkipException: Execution skipped as per test flag set
	at scenarios.GEO.v1.CountryPost.TC_20(CountryPost.java:7505)
	at sun.reflect.NativeMethodAccessorImpl.invoke0(Native Method)
	at sun.reflect.NativeMethodAccessorImpl.invoke(Unknown Source)
	at sun.reflect.DelegatingMethodAccessorImpl.invoke(Unknown Source)
	at java.lang.reflect.Method.invoke(Unknown Source)
	at org.testng.internal.MethodInvocationHelper.invokeMethod(MethodInvocationHelper.java:86)
	at org.testng.internal.Invoker.invokeMethod(Invoker.java:646)
	at org.testng.internal.Invoker.invokeTestMethod(Invoker.java:823)
	at org.testng.internal.Invoker.invokeTestMethods(Invoker.java:1131)
	at org.testng.internal.TestMethodWorker.invokeTestMethods(TestMethodWorker.java:129)
	at org.testng.internal.TestMethodWorker.run(TestMethodWorker.java:112)
	at org.testng.TestRunner.privateRun(TestRunner.java:778)
	at org.testng.TestRunner.run(TestRunner.java:632)
	at org.testng.SuiteRunner.runTest(SuiteRunner.java:366)
	at org.testng.SuiteRunner.runSequentially(SuiteRunner.java:361)
	at org.testng.SuiteRunner.privateRun(SuiteRunner.java:319)
	at org.testng.SuiteRunner.run(SuiteRunner.java:268)
	at org.testng.SuiteRunnerWorker.runSuite(SuiteRunnerWorker.java:52)
	at org.testng.SuiteRunnerWorker.run(SuiteRunnerWorker.java:86)
	at org.testng.TestNG.runSuitesSequentially(TestNG.java:1225)
	at org.testng.TestNG.runSuitesLocally(TestNG.java:1150)
	at org.testng.TestNG.runSuites(TestNG.java:1075)
	at org.testng.TestNG.run(TestNG.java:1047)
	at org.testng.remote.AbstractRemoteTestNG.run(AbstractRemoteTestNG.java:126)
	at org.testng.remote.RemoteTestNG.initAndRun(RemoteTestNG.java:137)
	at org.testng.remote.RemoteTestNG.main(RemoteTestNG.java:58)
]]>
            </full-stacktrace>
          </exception> <!-- org.testng.SkipException -->
          <reporter-output>
          </reporter-output>
        </test-method> <!-- TC_20 -->
        <test-method status="PASS" signature="getCurrentDate()[pri:0, instance:scenarios.GEO.v1.CountryPost@1e2203c]" name="getCurrentDate" is-config="true" duration-ms="0" started-at="2020-06-29T10:05:38Z" finished-at="2020-06-29T10:05:38Z">
          <reporter-output>
          </reporter-output>
        </test-method> <!-- getCurrentDate -->
[...]
                <![CDATA[public void scenarios.GEO.v1.CountryPost.TC_115()]]>
              </value>
            </param>
          </params>
          <reporter-output>
          </reporter-output>
        </test-method> <!-- startRepo -->
        <test-method status="SKIP" signature="TC_115()[pri:3, instance:scenarios.GEO.v1.CountryPost@1e2203c]" name="TC_115" duration-ms="0" started-at="2020-06-29T10:06:30Z" finished-at="2020-06-29T10:06:30Z">
          <exception class="org.testng.SkipException">
            <message>
              <![CDATA[Execution skipped as per test flag set]]>
            </message>
            <full-stacktrace>
              <![CDATA[org.testng.SkipException: Execution skipped as per test flag set
	at scenarios.GEO.v1.CountryPost.TC_115(CountryPost.java:39355)
	at sun.reflect.NativeMethodAccessorImpl.invoke0(Native Method)
	at sun.reflect.NativeMethodAccessorImpl.invoke(Unknown Source)
	at sun.reflect.DelegatingMethodAccessorImpl.invoke(Unknown Source)
	at java.lang.reflect.Method.invoke(Unknown Source)
	at org.testng.internal.MethodInvocationHelper.invokeMethod(MethodInvocationHelper.java:86)
	at org.testng.internal.Invoker.invokeMethod(Invoker.java:646)
	at org.testng.internal.Invoker.invokeTestMethod(Invoker.java:823)
	at org.testng.internal.Invoker.invokeTestMethods(Invoker.java:1131)
	at org.testng.internal.TestMethodWorker.invokeTestMethods(TestMethodWorker.java:129)
	at org.testng.internal.TestMethodWorker.run(TestMethodWorker.java:112)
	at org.testng.TestRunner.privateRun(TestRunner.java:778)
	at org.testng.TestRunner.run(TestRunner.java:632)
	at org.testng.SuiteRunner.runTest(SuiteRunner.java:366)
	at org.testng.SuiteRunner.runSequentially(SuiteRunner.java:361)
	at org.testng.SuiteRunner.privateRun(SuiteRunner.java:319)
	at org.testng.SuiteRunner.run(SuiteRunner.java:268)
	at org.testng.SuiteRunnerWorker.runSuite(SuiteRunnerWorker.java:52)
	at org.testng.SuiteRunnerWorker.run(SuiteRunnerWorker.java:86)
	at org.testng.TestNG.runSuitesSequentially(TestNG.java:1225)
	at org.testng.TestNG.runSuitesLocally(TestNG.java:1150)
	at org.testng.TestNG.runSuites(TestNG.java:1075)
	at org.testng.TestNG.run(TestNG.java:1047)
	at org.testng.remote.AbstractRemoteTestNG.run(AbstractRemoteTestNG.java:126)
	at org.testng.remote.RemoteTestNG.initAndRun(RemoteTestNG.java:137)
	at org.testng.remote.RemoteTestNG.main(RemoteTestNG.java:58)
]]>
            </full-stacktrace>
          </exception> <!-- org.testng.SkipException -->
          <reporter-output>
          </reporter-output>
        </test-method> <!-- TC_115 -->
        <test-method status="PASS" signature="startRepo(java.lang.reflect.Method)[pri:0, instance:scenarios.GEO.v1.CountryPost@1e2203c]" name="startRepo" is-config="true" duration-ms="586" started-at="2020-06-29T10:06:30Z" finished-at="2020-06-29T10:06:31Z">
          <params>
            <param index="0">
              <value>
                <![CDATA[public void scenarios.GEO.v1.CountryPost.TC_116()]]>
              </value>
            </param>
          </params>
          <reporter-output>
          </reporter-output>
        </test-method> <!-- startRepo -->
        <test-method status="PASS" signature="getCurrentDate()[pri:0, instance:scenarios.GEO.v1.CountryPost@1e2203c]" name="getCurrentDate" is-config="true" duration-ms="0" started-at="2020-06-29T10:06:30Z" finished-at="2020-06-29T10:06:30Z">
          <reporter-output>
          </reporter-output>
        </test-method> <!-- getCurrentDate -->
        <test-method status="SKIP" signature="TC_116()[pri:3, instance:scenarios.GEO.v1.CountryPost@1e2203c]" name="TC_116" duration-ms="0" started-at="2020-06-29T10:06:31Z" finished-at="2020-06-29T10:06:31Z">
          <exception class="org.testng.SkipException">
            <message>
              <![CDATA[Execution skipped as per test flag set]]>
            </message>
            <full-stacktrace>
              <![CDATA[org.testng.SkipException: Execution skipped as per test flag set
	at scenarios.GEO.v1.CountryPost.TC_116(CountryPost.java:39526)
	at sun.reflect.NativeMethodAccessorImpl.invoke0(Native Method)
	at sun.reflect.NativeMethodAccessorImpl.invoke(Unknown Source)
	at sun.reflect.DelegatingMethodAccessorImpl.invoke(Unknown Source)
	at java.lang.reflect.Method.invoke(Unknown Source)
	at org.testng.internal.MethodInvocationHelper.invokeMethod(MethodInvocationHelper.java:86)
	at org.testng.internal.Invoker.invokeMethod(Invoker.java:646)
	at org.testng.internal.Invoker.invokeTestMethod(Invoker.java:823)
	at org.testng.internal.Invoker.invokeTestMethods(Invoker.java:1131)
	at org.testng.internal.TestMethodWorker.invokeTestMethods(TestMethodWorker.java:129)
	at org.testng.internal.TestMethodWorker.run(TestMethodWorker.java:112)
	at org.testng.TestRunner.privateRun(TestRunner.java:778)
	at org.testng.TestRunner.run(TestRunner.java:632)
	at org.testng.SuiteRunner.runTest(SuiteRunner.java:366)
	at org.testng.SuiteRunner.runSequentially(SuiteRunner.java:361)
	at org.testng.SuiteRunner.privateRun(SuiteRunner.java:319)
	at org.testng.SuiteRunner.run(SuiteRunner.java:268)
	at org.testng.SuiteRunnerWorker.runSuite(SuiteRunnerWorker.java:52)
	at org.testng.SuiteRunnerWorker.run(SuiteRunnerWorker.java:86)
	at org.testng.TestNG.runSuitesSequentially(TestNG.java:1225)
	at org.testng.TestNG.runSuitesLocally(TestNG.java:1150)
	at org.testng.TestNG.runSuites(TestNG.java:1075)
	at org.testng.TestNG.run(TestNG.java:1047)
	at org.testng.remote.AbstractRemoteTestNG.run(AbstractRemoteTestNG.java:126)
	at org.testng.remote.RemoteTestNG.initAndRun(RemoteTestNG.java:137)
	at org.testng.remote.RemoteTestNG.main(RemoteTestNG.java:58)
]]>
            </full-stacktrace>
          </exception> <!-- org.testng.SkipException -->
          <reporter-output>
          </reporter-output>
        </test-method> <!-- TC_116 -->
        <test-method status="PASS" signature="startRepo(java.lang.reflect.Method)[pri:0, instance:scenarios.GEO.v1.CountryPost@1e2203c]" name="startRepo" is-config="true" duration-ms="390" started-at="2020-06-29T10:06:31Z" finished-at="2020-06-29T10:06:31Z">
          <params>
            <param index="0">
              <value>
                <![CDATA[public void scenarios.GEO.v1.CountryPost.TC_96()]]>
              </value>
            </param>
          </params>
          <reporter-output>
          </reporter-output>
        </test-method> <!-- startRepo -->
        <test-method status="PASS" signature="getCurrentDate()[pri:0, instance:scenarios.GEO.v1.CountryPost@1e2203c]" name="getCurrentDate" is-config="true" duration-ms="0" started-at="2020-06-29T10:06:31Z" finished-at="2020-06-29T10:06:31Z">
          <reporter-output>
          </reporter-output>
        </test-method> <!-- getCurrentDate -->
        <test-method status="SKIP" signature="TC_96()[pri:3, instance:scenarios.GEO.v1.CountryPost@1e2203c]" name="TC_96" duration-ms="7" started-at="2020-06-29T10:06:31Z" finished-at="2020-06-29T10:06:31Z">
          <exception class="org.testng.SkipException">
            <message>
              <![CDATA[Execution skipped as per test flag set]]>
            </message>
            <full-stacktrace>
              <![CDATA[org.testng.SkipException: Execution skipped as per test flag set
	at scenarios.GEO.v1.CountryPost.TC_96(CountryPost.java:34049)
	at sun.reflect.NativeMethodAccessorImpl.invoke0(Native Method)
	at sun.reflect.NativeMethodAccessorImpl.invoke(Unknown Source)
	at sun.reflect.DelegatingMethodAccessorImpl.invoke(Unknown Source)
	at java.lang.reflect.Method.invoke(Unknown Source)
	at org.testng.internal.MethodInvocationHelper.invokeMethod(MethodInvocationHelper.java:86)
	at org.testng.internal.Invoker.invokeMethod(Invoker.java:646)
	at org.testng.internal.Invoker.invokeTestMethod(Invoker.java:823)
	at org.testng.internal.Invoker.invokeTestMethods(Invoker.java:1131)
	at org.testng.internal.TestMethodWorker.invokeTestMethods(TestMethodWorker.java:129)
	at org.testng.internal.TestMethodWorker.run(TestMethodWorker.java:112)
	at org.testng.TestRunner.privateRun(TestRunner.java:778)
	at org.testng.TestRunner.run(TestRunner.java:632)
	at org.testng.SuiteRunner.runTest(SuiteRunner.java:366)
	at org.testng.SuiteRunner.runSequentially(SuiteRunner.java:361)
	at org.testng.SuiteRunner.privateRun(SuiteRunner.java:319)
	at org.testng.SuiteRunner.run(SuiteRunner.java:268)
	at org.testng.SuiteRunnerWorker.runSuite(SuiteRunnerWorker.java:52)
	at org.testng.SuiteRunnerWorker.run(SuiteRunnerWorker.java:86)
	at org.testng.TestNG.runSuitesSequentially(TestNG.java:1225)
	at org.testng.TestNG.runSuitesLocally(TestNG.java:1150)
	at org.testng.TestNG.runSuites(TestNG.java:1075)
	at org.testng.TestNG.run(TestNG.java:1047)
	at org.testng.remote.AbstractRemoteTestNG.run(AbstractRemoteTestNG.java:126)
	at org.testng.remote.RemoteTestNG.initAndRun(RemoteTestNG.java:137)
	at org.testng.remote.RemoteTestNG.main(RemoteTestNG.java:58)
]]>
            </full-stacktrace>
          </exception> <!-- org.testng.SkipException -->
          <reporter-output>
          </reporter-output>
        </test-method> <!-- TC_96 -->
        <test-method status="PASS" signature="startRepo(java.lang.reflect.Method)[pri:0, instance:scenarios.GEO.v1.CountryPost@1e2203c]" name="startRepo" is-config="true" duration-ms="386" started-at="2020-06-29T10:06:31Z" finished-at="2020-06-29T10:06:32Z">
          <params>
            <param index="0">
              <value>
                <![CDATA[public void scenarios.GEO.v1.CountryPost.TC_97()]]>
              </value>
            </param>
          </params>
          <reporter-output>
          </reporter-output>
        </test-method> <!-- startRepo -->
        <test-method status="PASS" signature="getCurrentDate()[pri:0, instance:scenarios.GEO.v1.CountryPost@1e2203c]" name="getCurrentDate" is-config="true" duration-ms="0" started-at="2020-06-29T10:06:31Z" finished-at="2020-06-29T10:06:31Z">
          <reporter-output>
          </reporter-output>
        </test-method> <!-- getCurrentDate -->
        <test-method status="SKIP" signature="TC_97()[pri:3, instance:scenarios.GEO.v1.CountryPost@1e2203c]" name="TC_97" duration-ms="4" started-at="2020-06-29T10:06:32Z" finished-at="2020-06-29T10:06:32Z">
          <exception class="org.testng.SkipException">
            <message>
              <![CDATA[Execution skipped as per test flag set]]>
            </message>
            <full-stacktrace>
              <![CDATA[org.testng.SkipException: Execution skipped as per test flag set
	at scenarios.GEO.v1.CountryPost.TC_97(CountryPost.java:34463)
	at sun.reflect.NativeMethodAccessorImpl.invoke0(Native Method)
	at sun.reflect.NativeMethodAccessorImpl.invoke(Unknown Source)
	at sun.reflect.DelegatingMethodAccessorImpl.invoke(Unknown Source)
	at java.lang.reflect.Method.invoke(Unknown Source)
	at org.testng.internal.MethodInvocationHelper.invokeMethod(MethodInvocationHelper.java:86)
	at org.testng.internal.Invoker.invokeMethod(Invoker.java:646)
	at org.testng.internal.Invoker.invokeTestMethod(Invoker.java:823)
	at org.testng.internal.Invoker.invokeTestMethods(Invoker.java:1131)
	at org.testng.internal.TestMethodWorker.invokeTestMethods(TestMethodWorker.java:129)
	at org.testng.internal.TestMethodWorker.run(TestMethodWorker.java:112)
	at org.testng.TestRunner.privateRun(TestRunner.java:778)
	at org.testng.TestRunner.run(TestRunner.java:632)
	at org.testng.SuiteRunner.runTest(SuiteRunner.java:366)
	at org.testng.SuiteRunner.runSequentially(SuiteRunner.java:361)
	at org.testng.SuiteRunner.privateRun(SuiteRunner.java:319)
	at org.testng.SuiteRunner.run(SuiteRunner.java:268)
	at org.testng.SuiteRunnerWorker.runSuite(SuiteRunnerWorker.java:52)
	at org.testng.SuiteRunnerWorker.run(SuiteRunnerWorker.java:86)
	at org.testng.TestNG.runSuitesSequentially(TestNG.java:1225)
	at org.testng.TestNG.runSuitesLocally(TestNG.java:1150)
	at org.testng.TestNG.runSuites(TestNG.java:1075)
	at org.testng.TestNG.run(TestNG.java:1047)
	at org.testng.remote.AbstractRemoteTestNG.run(AbstractRemoteTestNG.java:126)
	at org.testng.remote.RemoteTestNG.initAndRun(RemoteTestNG.java:137)
	at org.testng.remote.RemoteTestNG.main(RemoteTestNG.java:58)
]]>
            </full-stacktrace>
          </exception> <!-- org.testng.SkipException -->
          <reporter-output>
          </reporter-output>
        </test-method> <!-- TC_97 -->
        <test-method status="PASS" signature="getCurrentDate()[pri:0, instance:scenarios.GEO.v1.CountryPost@1e2203c]" name="getCurrentDate" is-config="true" duration-ms="0" started-at="2020-06-29T10:06:32Z" finished-at="2020-06-29T10:06:32Z">
          <reporter-output>
          </reporter-output>
        </test-method> <!-- getCurrentDate -->
        <test-method status="PASS" signature="startRepo(java.lang.reflect.Method)[pri:0, instance:scenarios.GEO.v1.CountryPost@1e2203c]" name="startRepo" is-config="true" duration-ms="550" started-at="2020-06-29T10:06:32Z" finished-at="2020-06-29T10:06:32Z">
          <params>
            <param index="0">
              <value>
                <![CDATA[public void scenarios.GEO.v1.CountryPost.TC_98()]]>
              </value>
            </param>
          </params>
          <reporter-output>
          </reporter-output>
        </test-method> <!-- startRepo -->
        <test-method status="SKIP" signature="TC_98()[pri:3, instance:scenarios.GEO.v1.CountryPost@1e2203c]" name="TC_98" duration-ms="4" started-at="2020-06-29T10:06:32Z" finished-at="2020-06-29T10:06:32Z">
          <exception class="org.testng.SkipException">
            <message>
              <![CDATA[Execution skipped as per test flag set]]>
            </message>
            <full-stacktrace>
              <![CDATA[org.testng.SkipException: Execution skipped as per test flag set
	at scenarios.GEO.v1.CountryPost.TC_98(CountryPost.java:34907)
	at sun.reflect.NativeMethodAccessorImpl.invoke0(Native Method)
	at sun.reflect.NativeMethodAccessorImpl.invoke(Unknown Source)
	at sun.reflect.DelegatingMethodAccessorImpl.invoke(Unknown Source)
	at java.lang.reflect.Method.invoke(Unknown Source)
	at org.testng.internal.MethodInvocationHelper.invokeMethod(MethodInvocationHelper.java:86)
	at org.testng.internal.Invoker.invokeMethod(Invoker.java:646)
	at org.testng.internal.Invoker.invokeTestMethod(Invoker.java:823)
	at org.testng.internal.Invoker.invokeTestMethods(Invoker.java:1131)
	at org.testng.internal.TestMethodWorker.invokeTestMethods(TestMethodWorker.java:129)
	at org.testng.internal.TestMethodWorker.run(TestMethodWorker.java:112)
	at org.testng.TestRunner.privateRun(TestRunner.java:778)
	at org.testng.TestRunner.run(TestRunner.java:632)
	at org.testng.SuiteRunner.runTest(SuiteRunner.java:366)
	at org.testng.SuiteRunner.runSequentially(SuiteRunner.java:361)
	at org.testng.SuiteRunner.privateRun(SuiteRunner.java:319)
	at org.testng.SuiteRunner.run(SuiteRunner.java:268)
	at org.testng.SuiteRunnerWorker.runSuite(SuiteRunnerWorker.java:52)
	at org.testng.SuiteRunnerWorker.run(SuiteRunnerWorker.java:86)
	at org.testng.TestNG.runSuitesSequentially(TestNG.java:1225)
	at org.testng.TestNG.runSuitesLocally(TestNG.java:1150)
	at org.testng.TestNG.runSuites(TestNG.java:1075)
	at org.testng.TestNG.run(TestNG.java:1047)
	at org.testng.remote.AbstractRemoteTestNG.run(AbstractRemoteTestNG.java:126)
	at org.testng.remote.RemoteTestNG.initAndRun(RemoteTestNG.java:137)
	at org.testng.remote.RemoteTestNG.main(RemoteTestNG.java:58)
]]>
            </full-stacktrace>
          </exception> <!-- org.testng.SkipException -->
          <reporter-output>
          </reporter-output>
        </test-method> <!-- TC_98 -->
        <test-method status="PASS" signature="getCurrentDate()[pri:0, instance:scenarios.GEO.v1.CountryPost@1e2203c]" name="getCurrentDate" is-config="true" duration-ms="2" started-at="2020-06-29T10:06:32Z" finished-at="2020-06-29T10:06:32Z">
          <reporter-output>
          </reporter-output>
        </test-method> <!-- getCurrentDate -->
        <test-method status="PASS" signature="startRepo(java.lang.reflect.Method)[pri:0, instance:scenarios.GEO.v1.CountryPost@1e2203c]" name="startRepo" is-config="true" duration-ms="405" started-at="2020-06-29T10:06:32Z" finished-at="2020-06-29T10:06:33Z">
          <params>
            <param index="0">
              <value>
                <![CDATA[public void scenarios.GEO.v1.CountryPost.TC_99()]]>
              </value>
            </param>
          </params>
          <reporter-output>
          </reporter-output>
        </test-method> <!-- startRepo -->
        <test-method status="SKIP" signature="TC_99()[pri:3, instance:scenarios.GEO.v1.CountryPost@1e2203c]" name="TC_99" duration-ms="3" started-at="2020-06-29T10:06:33Z" finished-at="2020-06-29T10:06:33Z">
          <exception class="org.testng.SkipException">
            <message>
              <![CDATA[Execution skipped as per test flag set]]>
            </message>
            <full-stacktrace>
              <![CDATA[org.testng.SkipException: Execution skipped as per test flag set
	at scenarios.GEO.v1.CountryPost.TC_99(CountryPost.java:35348)
	at sun.reflect.NativeMethodAccessorImpl.invoke0(Native Method)
	at sun.reflect.NativeMethodAccessorImpl.invoke(Unknown Source)
	at sun.reflect.DelegatingMethodAccessorImpl.invoke(Unknown Source)
	at java.lang.reflect.Method.invoke(Unknown Source)
	at org.testng.internal.MethodInvocationHelper.invokeMethod(MethodInvocationHelper.java:86)
	at org.testng.internal.Invoker.invokeMethod(Invoker.java:646)
	at org.testng.internal.Invoker.invokeTestMethod(Invoker.java:823)
	at org.testng.internal.Invoker.invokeTestMethods(Invoker.java:1131)
	at org.testng.internal.TestMethodWorker.invokeTestMethods(TestMethodWorker.java:129)
	at org.testng.internal.TestMethodWorker.run(TestMethodWorker.java:112)
	at org.testng.TestRunner.privateRun(TestRunner.java:778)
	at org.testng.TestRunner.run(TestRunner.java:632)
	at org.testng.SuiteRunner.runTest(SuiteRunner.java:366)
	at org.testng.SuiteRunner.runSequentially(SuiteRunner.java:361)
	at org.testng.SuiteRunner.privateRun(SuiteRunner.java:319)
	at org.testng.SuiteRunner.run(SuiteRunner.java:268)
	at org.testng.SuiteRunnerWorker.runSuite(SuiteRunnerWorker.java:52)
	at org.testng.SuiteRunnerWorker.run(SuiteRunnerWorker.java:86)
	at org.testng.TestNG.runSuitesSequentially(TestNG.java:1225)
	at org.testng.TestNG.runSuitesLocally(TestNG.java:1150)
	at org.testng.TestNG.runSuites(TestNG.java:1075)
	at org.testng.TestNG.run(TestNG.java:1047)
	at org.testng.remote.AbstractRemoteTestNG.run(AbstractRemoteTestNG.java:126)
	at org.testng.remote.RemoteTestNG.initAndRun(RemoteTestNG.java:137)
	at org.testng.remote.RemoteTestNG.main(RemoteTestNG.java:58)
]]>
            </full-stacktrace>
          </exception> <!-- org.testng.SkipException -->
          <reporter-output>
          </reporter-output>
        </test-method> <!-- TC_99 -->
        <test-method status="PASS" signature="endReport()[pri:0, instance:scenarios.GEO.v1.CountryPost@1e2203c]" name="endReport" is-config="true" duration-ms="598" started-at="2020-06-29T10:06:33Z" finished-at="2020-06-29T10:06:33Z">
          <reporter-output>
          </reporter-output>
        </test-method> <!-- endReport -->
        <test-method status="PASS" signature="zipFolder()[pri:0, instance:scenarios.GEO.v1.CountryPost@1e2203c]" name="zipFolder" is-config="true" duration-ms="48" started-at="2020-06-29T10:06:34Z" finished-at="2020-06-29T10:06:34Z">
          <reporter-output>
          </reporter-output>
        </test-method> <!-- zipFolder -->
      </class> <!-- scenarios.GEO.v1.CountryPost -->
    </test> <!-- Default test -->
  </suite> <!-- Default suite -->
</testng-results>
