<?xml version="1.0" encoding="UTF-8"?>
<testng-results skipped="0" failed="0" ignored="0" total="2" passed="2">
  <reporter-output>
  </reporter-output>
  <suite name="Default suite" duration-ms="12153" started-at="2019-07-16T16:56:55Z" finished-at="2019-07-16T16:57:08Z">
    <groups>
    </groups>
    <test name="Default test" duration-ms="12153" started-at="2019-07-16T16:56:55Z" finished-at="2019-07-16T16:57:08Z">
      <class name="scenarios.GEO.AffilTypePut">
        <test-method status="PASS" signature="beforeSuite()[pri:0, instance:scenarios.GEO.AffilTypePut@31dc339b]" name="beforeSuite" is-config="true" duration-ms="22" started-at="2019-07-16T16:56:55Z" finished-at="2019-07-16T16:56:55Z">
          <reporter-output>
          </reporter-output>
        </test-method> <!-- beforeSuite -->
        <test-method status="PASS" signature="getToken()[pri:0, instance:scenarios.GEO.AffilTypePut@31dc339b]" name="getToken" is-config="true" duration-ms="194" started-at="2019-07-16T16:56:55Z" finished-at="2019-07-16T16:56:56Z">
          <reporter-output>
          </reporter-output>
        </test-method> <!-- getToken -->
        <test-method status="PASS" signature="startReport()[pri:0, instance:scenarios.GEO.AffilTypePut@31dc339b]" name="startReport" is-config="true" duration-ms="275" started-at="2019-07-16T16:56:56Z" finished-at="2019-07-16T16:56:56Z">
          <reporter-output>
          </reporter-output>
        </test-method> <!-- startReport -->
        <test-method status="PASS" signature="before()[pri:0, instance:scenarios.GEO.AffilTypePut@31dc339b]" name="before" is-config="true" duration-ms="1240" started-at="2019-07-16T16:56:56Z" finished-at="2019-07-16T16:56:57Z">
          <reporter-output>
          </reporter-output>
        </test-method> <!-- before -->
        <test-method status="PASS" signature="startRepo(java.lang.reflect.Method)[pri:0, instance:scenarios.GEO.AffilTypePut@31dc339b]" name="startRepo" is-config="true" duration-ms="1032" started-at="2019-07-16T16:56:57Z" finished-at="2019-07-16T16:56:58Z">
          <params>
            <param index="0">
              <value>
                <![CDATA[public void scenarios.GEO.AffilTypePut.TC_01()]]>
              </value>
            </param>
          </params>
          <reporter-output>
          </reporter-output>
        </test-method> <!-- startRepo -->
        <test-method status="PASS" signature="TC_01()[pri:0, instance:scenarios.GEO.AffilTypePut@31dc339b]" name="TC_01" duration-ms="7940" started-at="2019-07-16T16:56:58Z" finished-at="2019-07-16T16:57:06Z">
          <reporter-output>
          </reporter-output>
        </test-method> <!-- TC_01 -->
        <test-method status="PASS" signature="startRepo(java.lang.reflect.Method)[pri:0, instance:scenarios.GEO.AffilTypePut@31dc339b]" name="startRepo" is-config="true" duration-ms="273" started-at="2019-07-16T16:57:06Z" finished-at="2019-07-16T16:57:06Z">
          <params>
            <param index="0">
              <value>
                <![CDATA[public void scenarios.GEO.AffilTypePut.TC_02()]]>
              </value>
            </param>
          </params>
          <reporter-output>
          </reporter-output>
        </test-method> <!-- startRepo -->
        <test-method status="PASS" signature="TC_02()[pri:0, instance:scenarios.GEO.AffilTypePut@31dc339b]" name="TC_02" duration-ms="572" started-at="2019-07-16T16:57:06Z" finished-at="2019-07-16T16:57:07Z">
          <reporter-output>
          </reporter-output>
        </test-method> <!-- TC_02 -->
        <test-method status="PASS" signature="endReport()[pri:0, instance:scenarios.GEO.AffilTypePut@31dc339b]" name="endReport" is-config="true" duration-ms="591" started-at="2019-07-16T16:57:07Z" finished-at="2019-07-16T16:57:08Z">
          <reporter-output>
          </reporter-output>
        </test-method> <!-- endReport -->
      </class> <!-- scenarios.GEO.AffilTypePut -->
    </test> <!-- Default test -->
  </suite> <!-- Default suite -->
</testng-results>
