<?xml version="1.0" encoding="UTF-8"?>
<testng-results skipped="0" failed="0" total="4" passed="4">
  <reporter-output>
  </reporter-output>
  <suite name="Default suite" duration-ms="23848" started-at="2020-07-30T10:31:34Z" finished-at="2020-07-30T10:31:58Z">
    <groups>
    </groups>
    <test name="Default test" duration-ms="23848" started-at="2020-07-30T10:31:34Z" finished-at="2020-07-30T10:31:58Z">
      <class name="scenarios.GEO.v1.MonthOfYearGet">
        <test-method status="PASS" signature="cleanFolder()[pri:0, instance:scenarios.GEO.v1.MonthOfYearGet@158fe70]" name="cleanFolder" is-config="true" duration-ms="26" started-at="2020-07-30T04:31:34Z" finished-at="2020-07-30T04:31:34Z">
          <reporter-output>
          </reporter-output>
        </test-method> <!-- cleanFolder -->
        <test-method status="PASS" signature="beforeSuite()[pri:0, instance:scenarios.GEO.v1.MonthOfYearGet@158fe70]" name="beforeSuite" is-config="true" duration-ms="3" started-at="2020-07-30T04:31:34Z" finished-at="2020-07-30T04:31:34Z">
          <reporter-output>
          </reporter-output>
        </test-method> <!-- beforeSuite -->
        <test-method status="PASS" signature="getToken()[pri:0, instance:scenarios.GEO.v1.MonthOfYearGet@158fe70]" name="getToken" is-config="true" duration-ms="1097" started-at="2020-07-30T04:31:34Z" finished-at="2020-07-30T04:31:35Z">
          <reporter-output>
          </reporter-output>
        </test-method> <!-- getToken -->
        <test-method status="PASS" signature="startReport()[pri:0, instance:scenarios.GEO.v1.MonthOfYearGet@158fe70]" name="startReport" is-config="true" duration-ms="289" started-at="2020-07-30T04:31:35Z" finished-at="2020-07-30T04:31:35Z">
          <reporter-output>
          </reporter-output>
        </test-method> <!-- startReport -->
        <test-method status="PASS" signature="before()[pri:0, instance:scenarios.GEO.v1.MonthOfYearGet@158fe70]" name="before" is-config="true" duration-ms="1346" started-at="2020-07-30T04:31:35Z" finished-at="2020-07-30T04:31:37Z">
          <reporter-output>
          </reporter-output>
        </test-method> <!-- before -->
        <test-method status="PASS" signature="getCurrentDate()[pri:0, instance:scenarios.GEO.v1.MonthOfYearGet@158fe70]" name="getCurrentDate" is-config="true" duration-ms="0" started-at="2020-07-30T04:31:37Z" finished-at="2020-07-30T04:31:37Z">
          <reporter-output>
          </reporter-output>
        </test-method> <!-- getCurrentDate -->
        <test-method status="PASS" signature="startRepo(java.lang.reflect.Method)[pri:0, instance:scenarios.GEO.v1.MonthOfYearGet@158fe70]" name="startRepo" is-config="true" duration-ms="1190" started-at="2020-07-30T04:31:37Z" finished-at="2020-07-30T04:31:38Z">
          <params>
            <param index="0">
              <value>
                <![CDATA[public void scenarios.GEO.v1.MonthOfYearGet.TC_01()]]>
              </value>
            </param>
          </params>
          <reporter-output>
          </reporter-output>
        </test-method> <!-- startRepo -->
        <test-method status="PASS" signature="TC_01()[pri:0, instance:scenarios.GEO.v1.MonthOfYearGet@158fe70]" name="TC_01" duration-ms="13225" started-at="2020-07-30T04:31:38Z" finished-at="2020-07-30T04:31:51Z">
          <reporter-output>
          </reporter-output>
        </test-method> <!-- TC_01 -->
        <test-method status="PASS" signature="getCurrentDate()[pri:0, instance:scenarios.GEO.v1.MonthOfYearGet@158fe70]" name="getCurrentDate" is-config="true" duration-ms="0" started-at="2020-07-30T04:31:51Z" finished-at="2020-07-30T04:31:51Z">
          <reporter-output>
          </reporter-output>
        </test-method> <!-- getCurrentDate -->
        <test-method status="PASS" signature="startRepo(java.lang.reflect.Method)[pri:0, instance:scenarios.GEO.v1.MonthOfYearGet@158fe70]" name="startRepo" is-config="true" duration-ms="777" started-at="2020-07-30T04:31:51Z" finished-at="2020-07-30T04:31:52Z">
          <params>
            <param index="0">
              <value>
                <![CDATA[public void scenarios.GEO.v1.MonthOfYearGet.TC_02()]]>
              </value>
            </param>
          </params>
          <reporter-output>
          </reporter-output>
        </test-method> <!-- startRepo -->
        <test-method status="PASS" signature="TC_02()[pri:0, instance:scenarios.GEO.v1.MonthOfYearGet@158fe70]" name="TC_02" duration-ms="1745" started-at="2020-07-30T04:31:52Z" finished-at="2020-07-30T04:31:54Z">
          <reporter-output>
          </reporter-output>
        </test-method> <!-- TC_02 -->
        <test-method status="PASS" signature="getCurrentDate()[pri:0, instance:scenarios.GEO.v1.MonthOfYearGet@158fe70]" name="getCurrentDate" is-config="true" duration-ms="1" started-at="2020-07-30T04:31:54Z" finished-at="2020-07-30T04:31:54Z">
          <reporter-output>
          </reporter-output>
        </test-method> <!-- getCurrentDate -->
        <test-method status="PASS" signature="startRepo(java.lang.reflect.Method)[pri:0, instance:scenarios.GEO.v1.MonthOfYearGet@158fe70]" name="startRepo" is-config="true" duration-ms="941" started-at="2020-07-30T04:31:54Z" finished-at="2020-07-30T04:31:54Z">
          <params>
            <param index="0">
              <value>
                <![CDATA[public void scenarios.GEO.v1.MonthOfYearGet.TC_03()]]>
              </value>
            </param>
          </params>
          <reporter-output>
          </reporter-output>
        </test-method> <!-- startRepo -->
        <test-method status="PASS" signature="TC_03()[pri:0, instance:scenarios.GEO.v1.MonthOfYearGet@158fe70]" name="TC_03" duration-ms="1072" started-at="2020-07-30T04:31:54Z" finished-at="2020-07-30T04:31:56Z">
          <reporter-output>
          </reporter-output>
        </test-method> <!-- TC_03 -->
        <test-method status="PASS" signature="getCurrentDate()[pri:0, instance:scenarios.GEO.v1.MonthOfYearGet@158fe70]" name="getCurrentDate" is-config="true" duration-ms="0" started-at="2020-07-30T04:31:56Z" finished-at="2020-07-30T04:31:56Z">
          <reporter-output>
          </reporter-output>
        </test-method> <!-- getCurrentDate -->
        <test-method status="PASS" signature="startRepo(java.lang.reflect.Method)[pri:0, instance:scenarios.GEO.v1.MonthOfYearGet@158fe70]" name="startRepo" is-config="true" duration-ms="476" started-at="2020-07-30T04:31:56Z" finished-at="2020-07-30T04:31:56Z">
          <params>
            <param index="0">
              <value>
                <![CDATA[public void scenarios.GEO.v1.MonthOfYearGet.TC_04()]]>
              </value>
            </param>
          </params>
          <reporter-output>
          </reporter-output>
        </test-method> <!-- startRepo -->
        <test-method status="PASS" signature="TC_04()[pri:0, instance:scenarios.GEO.v1.MonthOfYearGet@158fe70]" name="TC_04" duration-ms="1012" started-at="2020-07-30T04:31:56Z" finished-at="2020-07-30T04:31:57Z">
          <reporter-output>
          </reporter-output>
        </test-method> <!-- TC_04 -->
        <test-method status="PASS" signature="endReport()[pri:0, instance:scenarios.GEO.v1.MonthOfYearGet@158fe70]" name="endReport" is-config="true" duration-ms="616" started-at="2020-07-30T04:31:57Z" finished-at="2020-07-30T04:31:58Z">
          <reporter-output>
          </reporter-output>
        </test-method> <!-- endReport -->
        <test-method status="PASS" signature="zipFolder()[pri:0, instance:scenarios.GEO.v1.MonthOfYearGet@158fe70]" name="zipFolder" is-config="true" duration-ms="64" started-at="2020-07-30T04:31:58Z" finished-at="2020-07-30T04:31:58Z">
          <reporter-output>
          </reporter-output>
        </test-method> <!-- zipFolder -->
      </class> <!-- scenarios.GEO.v1.MonthOfYearGet -->
    </test> <!-- Default test -->
  </suite> <!-- Default suite -->
</testng-results>
