<?xml version="1.0" encoding="UTF-8"?>
<testng-results skipped="0" failed="1" total="1" passed="0">
  <reporter-output>
  </reporter-output>
  <suite name="Default suite" duration-ms="9172" started-at="2020-07-08T10:49:32Z" finished-at="2020-07-08T10:49:42Z">
    <groups>
    </groups>
    <test name="Default test" duration-ms="9172" started-at="2020-07-08T10:49:32Z" finished-at="2020-07-08T10:49:42Z">
      <class name="scenarios.GEO.v1.ScriptGet">
        <test-method status="PASS" signature="cleanFolder()[pri:0, instance:scenarios.GEO.v1.ScriptGet@1fe2924]" name="cleanFolder" is-config="true" duration-ms="30" started-at="2020-07-08T04:49:32Z" finished-at="2020-07-08T04:49:32Z">
          <reporter-output>
          </reporter-output>
        </test-method> <!-- cleanFolder -->
        <test-method status="PASS" signature="beforeSuite()[pri:0, instance:scenarios.GEO.v1.ScriptGet@1fe2924]" name="beforeSuite" is-config="true" duration-ms="53" started-at="2020-07-08T04:49:32Z" finished-at="2020-07-08T04:49:32Z">
          <reporter-output>
          </reporter-output>
        </test-method> <!-- beforeSuite -->
        <test-method status="PASS" signature="getToken()[pri:0, instance:scenarios.GEO.v1.ScriptGet@1fe2924]" name="getToken" is-config="true" duration-ms="1359" started-at="2020-07-08T04:49:32Z" finished-at="2020-07-08T04:49:34Z">
          <reporter-output>
          </reporter-output>
        </test-method> <!-- getToken -->
        <test-method status="PASS" signature="startReport()[pri:0, instance:scenarios.GEO.v1.ScriptGet@1fe2924]" name="startReport" is-config="true" duration-ms="301" started-at="2020-07-08T04:49:34Z" finished-at="2020-07-08T04:49:34Z">
          <reporter-output>
          </reporter-output>
        </test-method> <!-- startReport -->
        <test-method status="PASS" signature="before()[pri:0, instance:scenarios.GEO.v1.ScriptGet@1fe2924]" name="before" is-config="true" duration-ms="1432" started-at="2020-07-08T04:49:34Z" finished-at="2020-07-08T04:49:36Z">
          <reporter-output>
          </reporter-output>
        </test-method> <!-- before -->
        <test-method status="PASS" signature="getCurrentDate()[pri:0, instance:scenarios.GEO.v1.ScriptGet@1fe2924]" name="getCurrentDate" is-config="true" duration-ms="1" started-at="2020-07-08T04:49:36Z" finished-at="2020-07-08T04:49:36Z">
          <reporter-output>
          </reporter-output>
        </test-method> <!-- getCurrentDate -->
        <test-method status="PASS" signature="startRepo(java.lang.reflect.Method)[pri:0, instance:scenarios.GEO.v1.ScriptGet@1fe2924]" name="startRepo" is-config="true" duration-ms="1024" started-at="2020-07-08T04:49:36Z" finished-at="2020-07-08T04:49:37Z">
          <params>
            <param index="0">
              <value>
                <![CDATA[public void scenarios.GEO.v1.ScriptGet.TC_02()]]>
              </value>
            </param>
          </params>
          <reporter-output>
          </reporter-output>
        </test-method> <!-- startRepo -->
        <test-method status="FAIL" signature="TC_02()[pri:0, instance:scenarios.GEO.v1.ScriptGet@1fe2924]" name="TC_02" duration-ms="4457" started-at="2020-07-08T04:49:37Z" finished-at="2020-07-08T04:49:41Z">
          <exception class="java.lang.AssertionError">
            <message>
              <![CDATA[Test Failed]]>
            </message>
            <full-stacktrace>
              <![CDATA[java.lang.AssertionError: Test Failed
	at org.testng.Assert.fail(Assert.java:94)
	at scenarios.GEO.v1.ScriptGet.TC_02(ScriptGet.java:374)
	at sun.reflect.NativeMethodAccessorImpl.invoke0(Native Method)
	at sun.reflect.NativeMethodAccessorImpl.invoke(Unknown Source)
	at sun.reflect.DelegatingMethodAccessorImpl.invoke(Unknown Source)
	at java.lang.reflect.Method.invoke(Unknown Source)
	at org.testng.internal.MethodInvocationHelper.invokeMethod(MethodInvocationHelper.java:86)
	at org.testng.internal.Invoker.invokeMethod(Invoker.java:646)
	at org.testng.internal.Invoker.invokeTestMethod(Invoker.java:823)
	at org.testng.internal.Invoker.invokeTestMethods(Invoker.java:1131)
	at org.testng.internal.TestMethodWorker.invokeTestMethods(TestMethodWorker.java:129)
	at org.testng.internal.TestMethodWorker.run(TestMethodWorker.java:112)
	at org.testng.TestRunner.privateRun(TestRunner.java:778)
	at org.testng.TestRunner.run(TestRunner.java:632)
	at org.testng.SuiteRunner.runTest(SuiteRunner.java:366)
	at org.testng.SuiteRunner.runSequentially(SuiteRunner.java:361)
	at org.testng.SuiteRunner.privateRun(SuiteRunner.java:319)
	at org.testng.SuiteRunner.run(SuiteRunner.java:268)
	at org.testng.SuiteRunnerWorker.runSuite(SuiteRunnerWorker.java:52)
	at org.testng.SuiteRunnerWorker.run(SuiteRunnerWorker.java:86)
	at org.testng.TestNG.runSuitesSequentially(TestNG.java:1225)
	at org.testng.TestNG.runSuitesLocally(TestNG.java:1150)
	at org.testng.TestNG.runSuites(TestNG.java:1075)
	at org.testng.TestNG.run(TestNG.java:1047)
	at org.testng.remote.AbstractRemoteTestNG.run(AbstractRemoteTestNG.java:126)
	at org.testng.remote.RemoteTestNG.initAndRun(RemoteTestNG.java:137)
	at org.testng.remote.RemoteTestNG.main(RemoteTestNG.java:58)
]]>
            </full-stacktrace>
          </exception> <!-- java.lang.AssertionError -->
          <reporter-output>
          </reporter-output>
        </test-method> <!-- TC_02 -->
        <test-method status="PASS" signature="endReport()[pri:0, instance:scenarios.GEO.v1.ScriptGet@1fe2924]" name="endReport" is-config="true" duration-ms="480" started-at="2020-07-08T04:49:41Z" finished-at="2020-07-08T04:49:42Z">
          <reporter-output>
          </reporter-output>
        </test-method> <!-- endReport -->
        <test-method status="PASS" signature="zipFolder()[pri:0, instance:scenarios.GEO.v1.ScriptGet@1fe2924]" name="zipFolder" is-config="true" duration-ms="56" started-at="2020-07-08T04:49:42Z" finished-at="2020-07-08T04:49:42Z">
          <reporter-output>
          </reporter-output>
        </test-method> <!-- zipFolder -->
      </class> <!-- scenarios.GEO.v1.ScriptGet -->
    </test> <!-- Default test -->
  </suite> <!-- Default suite -->
</testng-results>
